

Started GET "/assets/rails.png" for 127.0.0.1 at 2015-09-15 21:02:10 -0300
Connecting to database specified by database.yml
Served asset /rails.png - 200 OK (3ms)


Started GET "/movies" for 127.0.0.1 at 2015-09-15 21:02:16 -0300
Processing by MoviesController#index as HTML
Completed 500 Internal Server Error in 84.8ms

ActiveRecord::StatementInvalid (Could not find table 'movies'):
  app/controllers/movies_controller.rb:10:in `index'


  Rendered /home/saasbook/.rvm/gems/ruby-1.9.3-p448/gems/actionpack-3.2.18/lib/action_dispatch/middleware/templates/rescues/_trace.erb (22.7ms)
  Rendered /home/saasbook/.rvm/gems/ruby-1.9.3-p448/gems/actionpack-3.2.18/lib/action_dispatch/middleware/templates/rescues/_request_and_response.erb (1.3ms)
  Rendered /home/saasbook/.rvm/gems/ruby-1.9.3-p448/gems/actionpack-3.2.18/lib/action_dispatch/middleware/templates/rescues/diagnostics.erb within rescues/layout (44.8ms)
Connecting to database specified by database.yml
  [1m[36m (0.1ms)[0m  [1mselect sqlite_version(*)[0m
  [1m[35m (57.0ms)[0m  CREATE TABLE "schema_migrations" ("version" varchar(255) NOT NULL) 
  [1m[36m (10.8ms)[0m  [1mCREATE UNIQUE INDEX "unique_schema_migrations" ON "schema_migrations" ("version")[0m
  [1m[35m (31.6ms)[0m  SELECT "schema_migrations"."version" FROM "schema_migrations" 
Migrating to CreateMovies (20111119180638)
  [1m[36m (0.1ms)[0m  [1mbegin transaction[0m
  [1m[35m (0.5ms)[0m  CREATE TABLE "movies" ("id" INTEGER PRIMARY KEY AUTOINCREMENT NOT NULL, "title" varchar(255), "rating" varchar(255), "description" text, "release_date" datetime, "created_at" datetime NOT NULL, "updated_at" datetime NOT NULL) 
  [1m[36m (0.1ms)[0m  [1mINSERT INTO "schema_migrations" ("version") VALUES ('20111119180638')[0m
  [1m[35m (12.5ms)[0m  commit transaction
  [1m[36m (0.1ms)[0m  [1mSELECT "schema_migrations"."version" FROM "schema_migrations" [0m


Started GET "/movies" for 127.0.0.1 at 2015-09-15 21:03:11 -0300
Connecting to database specified by database.yml
Processing by MoviesController#index as HTML
  [1m[36mMovie Load (0.1ms)[0m  [1mSELECT "movies".* FROM "movies" [0m
  Rendered movies/index.html.haml within layouts/application (27.9ms)
Compiled application.css  (0ms)  (pid 2735)
Compiled jquery.js  (1ms)  (pid 2735)
Compiled jquery_ujs.js  (0ms)  (pid 2735)
Compiled application.js  (82ms)  (pid 2735)
Completed 200 OK in 212.6ms (Views: 146.3ms | ActiveRecord: 23.6ms)


Started GET "/assets/application.css?body=1" for 127.0.0.1 at 2015-09-15 21:03:11 -0300
Served asset /application.css - 200 OK (7ms)


Started GET "/assets/application.js?body=1" for 127.0.0.1 at 2015-09-15 21:03:11 -0300
Served asset /application.js - 200 OK (34ms)


Started GET "/assets/jquery_ujs.js?body=1" for 127.0.0.1 at 2015-09-15 21:03:11 -0300
Served asset /jquery_ujs.js - 200 OK (1ms)


Started GET "/assets/jquery.js?body=1" for 127.0.0.1 at 2015-09-15 21:03:11 -0300
Served asset /jquery.js - 200 OK (3ms)


Started GET "/movies?sort=title" for 127.0.0.1 at 2015-09-15 21:03:15 -0300
Processing by MoviesController#index as HTML
  Parameters: {"sort"=>"title"}
  [1m[35mMovie Load (0.1ms)[0m  SELECT "movies".* FROM "movies" 
  Rendered movies/index.html.haml within layouts/application (4.8ms)
Completed 200 OK in 9.5ms (Views: 8.7ms | ActiveRecord: 0.1ms)


Started GET "/assets/application.css?body=1" for 127.0.0.1 at 2015-09-15 21:03:15 -0300
Served asset /application.css - 304 Not Modified (14ms)


Started GET "/assets/jquery.js?body=1" for 127.0.0.1 at 2015-09-15 21:03:15 -0300
Served asset /jquery.js - 304 Not Modified (0ms)


Started GET "/assets/jquery_ujs.js?body=1" for 127.0.0.1 at 2015-09-15 21:03:15 -0300
Served asset /jquery_ujs.js - 304 Not Modified (0ms)


Started GET "/assets/application.js?body=1" for 127.0.0.1 at 2015-09-15 21:03:15 -0300
Served asset /application.js - 304 Not Modified (0ms)


Started GET "/movies?sort=title" for 127.0.0.1 at 2015-09-15 21:03:16 -0300
Processing by MoviesController#index as HTML
  Parameters: {"sort"=>"title"}
  [1m[36mMovie Load (0.2ms)[0m  [1mSELECT "movies".* FROM "movies" [0m
  Rendered movies/index.html.haml within layouts/application (2.4ms)
Completed 200 OK in 9.1ms (Views: 8.2ms | ActiveRecord: 0.2ms)


Started GET "/assets/application.css?body=1" for 127.0.0.1 at 2015-09-15 21:03:16 -0300
Served asset /application.css - 304 Not Modified (0ms)


Started GET "/assets/application.js?body=1" for 127.0.0.1 at 2015-09-15 21:03:16 -0300
Served asset /application.js - 304 Not Modified (0ms)


Started GET "/assets/jquery_ujs.js?body=1" for 127.0.0.1 at 2015-09-15 21:03:16 -0300
Served asset /jquery_ujs.js - 304 Not Modified (0ms)


Started GET "/assets/jquery.js?body=1" for 127.0.0.1 at 2015-09-15 21:03:16 -0300
Served asset /jquery.js - 304 Not Modified (0ms)


Started GET "/movies?sort=title" for 127.0.0.1 at 2015-09-15 21:03:20 -0300
Processing by MoviesController#index as HTML
  Parameters: {"sort"=>"title"}
  [1m[35mMovie Load (0.1ms)[0m  SELECT "movies".* FROM "movies" 
  Rendered movies/index.html.haml within layouts/application (0.6ms)
Completed 200 OK in 5.3ms (Views: 4.5ms | ActiveRecord: 0.1ms)


Started GET "/assets/application.css?body=1" for 127.0.0.1 at 2015-09-15 21:03:20 -0300
Served asset /application.css - 304 Not Modified (0ms)


Started GET "/assets/application.js?body=1" for 127.0.0.1 at 2015-09-15 21:03:20 -0300
Served asset /application.js - 304 Not Modified (0ms)


Started GET "/assets/jquery_ujs.js?body=1" for 127.0.0.1 at 2015-09-15 21:03:20 -0300
Served asset /jquery_ujs.js - 304 Not Modified (0ms)


Started GET "/assets/jquery.js?body=1" for 127.0.0.1 at 2015-09-15 21:03:20 -0300
Served asset /jquery.js - 304 Not Modified (0ms)
Connecting to database specified by database.yml
  [1m[36m (1.0ms)[0m  [1mSELECT "schema_migrations"."version" FROM "schema_migrations" [0m
  [1m[35m (0.1ms)[0m  begin transaction
  [1m[36mSQL (16.1ms)[0m  [1mINSERT INTO "movies" ("created_at", "description", "rating", "release_date", "title", "updated_at") VALUES (?, ?, ?, ?, ?, ?)[0m  [["created_at", Wed, 16 Sep 2015 00:03:37 UTC +00:00], ["description", nil], ["rating", "G"], ["release_date", Wed, 25 Nov 1992 00:00:00 UTC +00:00], ["title", "Aladdin"], ["updated_at", Wed, 16 Sep 2015 00:03:37 UTC +00:00]]
  [1m[35m (26.8ms)[0m  commit transaction
  [1m[36m (0.1ms)[0m  [1mbegin transaction[0m
  [1m[35mSQL (0.7ms)[0m  INSERT INTO "movies" ("created_at", "description", "rating", "release_date", "title", "updated_at") VALUES (?, ?, ?, ?, ?, ?)  [["created_at", Wed, 16 Sep 2015 00:03:37 UTC +00:00], ["description", nil], ["rating", "R"], ["release_date", Fri, 26 Oct 1984 00:00:00 UTC +00:00], ["title", "The Terminator"], ["updated_at", Wed, 16 Sep 2015 00:03:37 UTC +00:00]]
  [1m[36m (12.5ms)[0m  [1mcommit transaction[0m
  [1m[35m (0.0ms)[0m  begin transaction
  [1m[36mSQL (0.3ms)[0m  [1mINSERT INTO "movies" ("created_at", "description", "rating", "release_date", "title", "updated_at") VALUES (?, ?, ?, ?, ?, ?)[0m  [["created_at", Wed, 16 Sep 2015 00:03:37 UTC +00:00], ["description", nil], ["rating", "R"], ["release_date", Fri, 21 Jul 1989 00:00:00 UTC +00:00], ["title", "When Harry Met Sally"], ["updated_at", Wed, 16 Sep 2015 00:03:37 UTC +00:00]]
  [1m[35m (10.4ms)[0m  commit transaction
  [1m[36m (0.0ms)[0m  [1mbegin transaction[0m
  [1m[35mSQL (0.2ms)[0m  INSERT INTO "movies" ("created_at", "description", "rating", "release_date", "title", "updated_at") VALUES (?, ?, ?, ?, ?, ?)  [["created_at", Wed, 16 Sep 2015 00:03:37 UTC +00:00], ["description", nil], ["rating", "PG-13"], ["release_date", Wed, 10 Aug 2011 00:00:00 UTC +00:00], ["title", "The Help"], ["updated_at", Wed, 16 Sep 2015 00:03:37 UTC +00:00]]
  [1m[36m (13.4ms)[0m  [1mcommit transaction[0m
  [1m[35m (0.0ms)[0m  begin transaction
  [1m[36mSQL (0.2ms)[0m  [1mINSERT INTO "movies" ("created_at", "description", "rating", "release_date", "title", "updated_at") VALUES (?, ?, ?, ?, ?, ?)[0m  [["created_at", Wed, 16 Sep 2015 00:03:37 UTC +00:00], ["description", nil], ["rating", "PG-13"], ["release_date", Fri, 05 Jan 2001 00:00:00 UTC +00:00], ["title", "Chocolat"], ["updated_at", Wed, 16 Sep 2015 00:03:37 UTC +00:00]]
  [1m[35m (15.9ms)[0m  commit transaction
  [1m[36m (0.0ms)[0m  [1mbegin transaction[0m
  [1m[35mSQL (0.2ms)[0m  INSERT INTO "movies" ("created_at", "description", "rating", "release_date", "title", "updated_at") VALUES (?, ?, ?, ?, ?, ?)  [["created_at", Wed, 16 Sep 2015 00:03:37 UTC +00:00], ["description", nil], ["rating", "R"], ["release_date", Wed, 25 Apr 2001 00:00:00 UTC +00:00], ["title", "Amelie"], ["updated_at", Wed, 16 Sep 2015 00:03:37 UTC +00:00]]
  [1m[36m (11.8ms)[0m  [1mcommit transaction[0m
  [1m[35m (0.0ms)[0m  begin transaction
  [1m[36mSQL (0.2ms)[0m  [1mINSERT INTO "movies" ("created_at", "description", "rating", "release_date", "title", "updated_at") VALUES (?, ?, ?, ?, ?, ?)[0m  [["created_at", Wed, 16 Sep 2015 00:03:37 UTC +00:00], ["description", nil], ["rating", "G"], ["release_date", Sat, 06 Apr 1968 00:00:00 UTC +00:00], ["title", "2001: A Space Odyssey"], ["updated_at", Wed, 16 Sep 2015 00:03:37 UTC +00:00]]
  [1m[35m (11.2ms)[0m  commit transaction
  [1m[36m (0.0ms)[0m  [1mbegin transaction[0m
  [1m[35mSQL (0.2ms)[0m  INSERT INTO "movies" ("created_at", "description", "rating", "release_date", "title", "updated_at") VALUES (?, ?, ?, ?, ?, ?)  [["created_at", Wed, 16 Sep 2015 00:03:37 UTC +00:00], ["description", nil], ["rating", "PG"], ["release_date", Fri, 05 Nov 2004 00:00:00 UTC +00:00], ["title", "The Incredibles"], ["updated_at", Wed, 16 Sep 2015 00:03:37 UTC +00:00]]
  [1m[36m (16.2ms)[0m  [1mcommit transaction[0m
  [1m[35m (0.0ms)[0m  begin transaction
  [1m[36mSQL (0.9ms)[0m  [1mINSERT INTO "movies" ("created_at", "description", "rating", "release_date", "title", "updated_at") VALUES (?, ?, ?, ?, ?, ?)[0m  [["created_at", Wed, 16 Sep 2015 00:03:37 UTC +00:00], ["description", nil], ["rating", "PG"], ["release_date", Fri, 12 Jun 1981 00:00:00 UTC +00:00], ["title", "Raiders of the Lost Ark"], ["updated_at", Wed, 16 Sep 2015 00:03:37 UTC +00:00]]
  [1m[35m (23.8ms)[0m  commit transaction
  [1m[36m (0.0ms)[0m  [1mbegin transaction[0m
  [1m[35mSQL (0.3ms)[0m  INSERT INTO "movies" ("created_at", "description", "rating", "release_date", "title", "updated_at") VALUES (?, ?, ?, ?, ?, ?)  [["created_at", Wed, 16 Sep 2015 00:03:37 UTC +00:00], ["description", nil], ["rating", "G"], ["release_date", Wed, 21 Jun 2000 00:00:00 UTC +00:00], ["title", "Chicken Run"], ["updated_at", Wed, 16 Sep 2015 00:03:37 UTC +00:00]]
  [1m[36m (10.7ms)[0m  [1mcommit transaction[0m


Started GET "/movies?sort=title" for 127.0.0.1 at 2015-09-15 21:03:44 -0300
Connecting to database specified by database.yml
Processing by MoviesController#index as HTML
  Parameters: {"sort"=>"title"}
  [1m[36mMovie Load (0.2ms)[0m  [1mSELECT "movies".* FROM "movies" [0m
  Rendered movies/index.html.haml within layouts/application (36.2ms)
Completed 200 OK in 147.6ms (Views: 88.3ms | ActiveRecord: 2.7ms)


Started GET "/assets/application.css?body=1" for 127.0.0.1 at 2015-09-15 21:03:45 -0300
Served asset /application.css - 304 Not Modified (1ms)


Started GET "/assets/jquery.js?body=1" for 127.0.0.1 at 2015-09-15 21:03:45 -0300
Served asset /jquery.js - 304 Not Modified (8ms)


Started GET "/assets/jquery_ujs.js?body=1" for 127.0.0.1 at 2015-09-15 21:03:45 -0300
Served asset /jquery_ujs.js - 304 Not Modified (1ms)


Started GET "/assets/application.js?body=1" for 127.0.0.1 at 2015-09-15 21:03:45 -0300
Served asset /application.js - 304 Not Modified (9ms)


Started GET "/movies?sort=title" for 127.0.0.1 at 2015-09-15 21:03:48 -0300
Processing by MoviesController#index as HTML
  Parameters: {"sort"=>"title"}
  [1m[35mMovie Load (0.2ms)[0m  SELECT "movies".* FROM "movies" 
  Rendered movies/index.html.haml within layouts/application (9.2ms)
Completed 200 OK in 14.5ms (Views: 13.4ms | ActiveRecord: 0.2ms)


Started GET "/assets/application.css?body=1" for 127.0.0.1 at 2015-09-15 21:03:48 -0300
Served asset /application.css - 304 Not Modified (0ms)


Started GET "/assets/application.js?body=1" for 127.0.0.1 at 2015-09-15 21:03:48 -0300
Served asset /application.js - 304 Not Modified (14ms)


Started GET "/assets/jquery_ujs.js?body=1" for 127.0.0.1 at 2015-09-15 21:03:48 -0300
Served asset /jquery_ujs.js - 304 Not Modified (0ms)


Started GET "/assets/jquery.js?body=1" for 127.0.0.1 at 2015-09-15 21:03:48 -0300
Served asset /jquery.js - 304 Not Modified (0ms)


Started GET "/movies?sort=title" for 127.0.0.1 at 2015-09-15 21:03:50 -0300
Processing by MoviesController#index as HTML
  Parameters: {"sort"=>"title"}
  [1m[36mMovie Load (0.2ms)[0m  [1mSELECT "movies".* FROM "movies" [0m
  Rendered movies/index.html.haml within layouts/application (5.8ms)
Completed 200 OK in 14.2ms (Views: 13.0ms | ActiveRecord: 0.2ms)


Started GET "/assets/application.css?body=1" for 127.0.0.1 at 2015-09-15 21:03:50 -0300
Served asset /application.css - 304 Not Modified (38ms)


Started GET "/assets/jquery_ujs.js?body=1" for 127.0.0.1 at 2015-09-15 21:03:50 -0300
Served asset /jquery_ujs.js - 304 Not Modified (0ms)


Started GET "/assets/jquery.js?body=1" for 127.0.0.1 at 2015-09-15 21:03:50 -0300
Served asset /jquery.js - 304 Not Modified (0ms)


Started GET "/assets/application.js?body=1" for 127.0.0.1 at 2015-09-15 21:03:50 -0300
Served asset /application.js - 304 Not Modified (0ms)


Started GET "/movies?sort=title" for 127.0.0.1 at 2015-09-15 21:03:51 -0300
Processing by MoviesController#index as HTML
  Parameters: {"sort"=>"title"}
  [1m[35mMovie Load (0.2ms)[0m  SELECT "movies".* FROM "movies" 
  Rendered movies/index.html.haml within layouts/application (6.5ms)
Completed 200 OK in 14.7ms (Views: 13.5ms | ActiveRecord: 0.2ms)


Started GET "/assets/application.css?body=1" for 127.0.0.1 at 2015-09-15 21:03:51 -0300
Served asset /application.css - 304 Not Modified (0ms)


Started GET "/assets/application.js?body=1" for 127.0.0.1 at 2015-09-15 21:03:51 -0300
Served asset /application.js - 304 Not Modified (6ms)


Started GET "/assets/jquery_ujs.js?body=1" for 127.0.0.1 at 2015-09-15 21:03:51 -0300
Served asset /jquery_ujs.js - 304 Not Modified (0ms)


Started GET "/assets/jquery.js?body=1" for 127.0.0.1 at 2015-09-15 21:03:51 -0300
Served asset /jquery.js - 304 Not Modified (1ms)


Started GET "/movies?sort=title" for 127.0.0.1 at 2015-09-15 21:03:52 -0300
Processing by MoviesController#index as HTML
  Parameters: {"sort"=>"title"}
  [1m[36mMovie Load (0.2ms)[0m  [1mSELECT "movies".* FROM "movies" [0m
  Rendered movies/index.html.haml within layouts/application (8.3ms)
Completed 200 OK in 14.7ms (Views: 13.5ms | ActiveRecord: 0.2ms)


Started GET "/assets/application.css?body=1" for 127.0.0.1 at 2015-09-15 21:03:52 -0300
Served asset /application.css - 304 Not Modified (0ms)


Started GET "/assets/application.js?body=1" for 127.0.0.1 at 2015-09-15 21:03:52 -0300
Served asset /application.js - 304 Not Modified (8ms)


Started GET "/assets/jquery_ujs.js?body=1" for 127.0.0.1 at 2015-09-15 21:03:52 -0300
Served asset /jquery_ujs.js - 304 Not Modified (0ms)


Started GET "/assets/jquery.js?body=1" for 127.0.0.1 at 2015-09-15 21:03:52 -0300
Served asset /jquery.js - 304 Not Modified (1ms)


Started GET "/movies?sort=title" for 127.0.0.1 at 2015-09-15 21:03:53 -0300
Processing by MoviesController#index as HTML
  Parameters: {"sort"=>"title"}
  [1m[35mMovie Load (0.2ms)[0m  SELECT "movies".* FROM "movies" 
  Rendered movies/index.html.haml within layouts/application (7.5ms)
Completed 200 OK in 13.6ms (Views: 12.1ms | ActiveRecord: 0.2ms)


Started GET "/assets/application.css?body=1" for 127.0.0.1 at 2015-09-15 21:03:53 -0300
Served asset /application.css - 304 Not Modified (0ms)


Started GET "/assets/application.js?body=1" for 127.0.0.1 at 2015-09-15 21:03:53 -0300
Served asset /application.js - 304 Not Modified (0ms)


Started GET "/assets/jquery_ujs.js?body=1" for 127.0.0.1 at 2015-09-15 21:03:53 -0300
Served asset /jquery_ujs.js - 304 Not Modified (0ms)


Started GET "/assets/jquery.js?body=1" for 127.0.0.1 at 2015-09-15 21:03:53 -0300
Served asset /jquery.js - 304 Not Modified (1ms)


Started GET "/movies?sort=title" for 127.0.0.1 at 2015-09-15 21:09:26 -0300
Connecting to database specified by database.yml
Processing by MoviesController#index as HTML
  Parameters: {"sort"=>"title"}
  [1m[36mMovie Load (0.2ms)[0m  [1mSELECT "movies".* FROM "movies" [0m
  Rendered movies/index.html.haml within layouts/application (11.6ms)
Completed 200 OK in 132.7ms (Views: 58.9ms | ActiveRecord: 3.2ms)


Started GET "/assets/application.css?body=1" for 127.0.0.1 at 2015-09-15 21:09:27 -0300
Served asset /application.css - 304 Not Modified (1ms)


Started GET "/assets/jquery.js?body=1" for 127.0.0.1 at 2015-09-15 21:09:27 -0300
Served asset /jquery.js - 304 Not Modified (33ms)


Started GET "/assets/jquery_ujs.js?body=1" for 127.0.0.1 at 2015-09-15 21:09:27 -0300
Served asset /jquery_ujs.js - 304 Not Modified (1ms)


Started GET "/assets/application.js?body=1" for 127.0.0.1 at 2015-09-15 21:09:27 -0300
Served asset /application.js - 304 Not Modified (8ms)


Started GET "/movies?sort=release_date" for 127.0.0.1 at 2015-09-15 21:09:32 -0300
Processing by MoviesController#index as HTML
  Parameters: {"sort"=>"release_date"}
  [1m[35mMovie Load (0.2ms)[0m  SELECT "movies".* FROM "movies" 
  Rendered movies/index.html.haml within layouts/application (8.0ms)
Completed 200 OK in 15.2ms (Views: 13.6ms | ActiveRecord: 0.2ms)


Started GET "/assets/application.css?body=1" for 127.0.0.1 at 2015-09-15 21:09:32 -0300
Served asset /application.css - 304 Not Modified (0ms)


Started GET "/assets/jquery.js?body=1" for 127.0.0.1 at 2015-09-15 21:09:32 -0300
Served asset /jquery.js - 304 Not Modified (4ms)


Started GET "/assets/application.js?body=1" for 127.0.0.1 at 2015-09-15 21:09:32 -0300
Served asset /application.js - 304 Not Modified (1ms)


Started GET "/assets/jquery_ujs.js?body=1" for 127.0.0.1 at 2015-09-15 21:09:32 -0300
Served asset /jquery_ujs.js - 304 Not Modified (0ms)


Started GET "/movies?sort=release_date" for 127.0.0.1 at 2015-09-15 21:09:33 -0300
Processing by MoviesController#index as HTML
  Parameters: {"sort"=>"release_date"}
  [1m[36mMovie Load (0.2ms)[0m  [1mSELECT "movies".* FROM "movies" [0m
  Rendered movies/index.html.haml within layouts/application (8.5ms)
Completed 200 OK in 15.1ms (Views: 14.0ms | ActiveRecord: 0.2ms)


Started GET "/assets/application.css?body=1" for 127.0.0.1 at 2015-09-15 21:09:33 -0300
Served asset /application.css - 304 Not Modified (0ms)


Started GET "/assets/application.js?body=1" for 127.0.0.1 at 2015-09-15 21:09:33 -0300
Served asset /application.js - 304 Not Modified (15ms)


Started GET "/assets/jquery_ujs.js?body=1" for 127.0.0.1 at 2015-09-15 21:09:33 -0300
Served asset /jquery_ujs.js - 304 Not Modified (0ms)


Started GET "/assets/jquery.js?body=1" for 127.0.0.1 at 2015-09-15 21:09:33 -0300
Served asset /jquery.js - 304 Not Modified (0ms)


Started GET "/movies?sort=release_date" for 127.0.0.1 at 2015-09-15 21:09:33 -0300
Processing by MoviesController#index as HTML
  Parameters: {"sort"=>"release_date"}
  [1m[35mMovie Load (0.5ms)[0m  SELECT "movies".* FROM "movies" 
  Rendered movies/index.html.haml within layouts/application (8.2ms)
Completed 200 OK in 13.8ms (Views: 12.2ms | ActiveRecord: 0.5ms)


Started GET "/assets/application.css?body=1" for 127.0.0.1 at 2015-09-15 21:09:33 -0300
Served asset /application.css - 304 Not Modified (0ms)


Started GET "/assets/application.js?body=1" for 127.0.0.1 at 2015-09-15 21:09:33 -0300
Served asset /application.js - 304 Not Modified (1ms)


Started GET "/assets/jquery_ujs.js?body=1" for 127.0.0.1 at 2015-09-15 21:09:33 -0300
Served asset /jquery_ujs.js - 304 Not Modified (0ms)


Started GET "/assets/jquery.js?body=1" for 127.0.0.1 at 2015-09-15 21:09:33 -0300
Served asset /jquery.js - 304 Not Modified (0ms)


Started GET "/movies?sort=release_date" for 127.0.0.1 at 2015-09-15 21:21:46 -0300
Processing by MoviesController#index as HTML
  Parameters: {"sort"=>"release_date"}
  Rendered movies/index.html.haml within layouts/application (69.8ms)
Completed 500 Internal Server Error in 72.3ms

ActionView::Template::Error (undefined method `each' for nil:NilClass):
    11:         = link_to "Release Date", movies_path(sort: 'release_date', order: @order, ratings: params[:ratings]), {id: 'release_date_header'}
    12:       %th More Info
    13:   %tbody
    14:     - @movies.each do |movie|
    15:       %tr
    16:         %td= movie.title
    17:         %td= movie.rating
  app/views/movies/index.html.haml:14:in `_app_views_movies_index_html_haml__330560370_95525110'


  Rendered /home/saasbook/.rvm/gems/ruby-1.9.3-p448/gems/actionpack-3.2.18/lib/action_dispatch/middleware/templates/rescues/_trace.erb (1.8ms)
  Rendered /home/saasbook/.rvm/gems/ruby-1.9.3-p448/gems/actionpack-3.2.18/lib/action_dispatch/middleware/templates/rescues/_request_and_response.erb (1.0ms)
  Rendered /home/saasbook/.rvm/gems/ruby-1.9.3-p448/gems/actionpack-3.2.18/lib/action_dispatch/middleware/templates/rescues/template_error.erb within rescues/layout (9.7ms)


Started GET "/movies?sort=title" for 127.0.0.1 at 2015-09-15 21:24:01 -0300
Processing by MoviesController#index as HTML
  Parameters: {"sort"=>"title"}
  Rendered movies/index.html.haml within layouts/application (4.0ms)
Completed 500 Internal Server Error in 5.5ms

ActionView::Template::Error (undefined method `each' for nil:NilClass):
    11:         = link_to "Release Date", movies_path(sort: 'release_date', order: @order, ratings: params[:ratings]), {id: 'release_date_header'}
    12:       %th More Info
    13:   %tbody
    14:     - @movies.each do |movie|
    15:       %tr
    16:         %td= movie.title
    17:         %td= movie.rating
  app/views/movies/index.html.haml:14:in `_app_views_movies_index_html_haml__330560370_95525110'


  Rendered /home/saasbook/.rvm/gems/ruby-1.9.3-p448/gems/actionpack-3.2.18/lib/action_dispatch/middleware/templates/rescues/_trace.erb (1.0ms)
  Rendered /home/saasbook/.rvm/gems/ruby-1.9.3-p448/gems/actionpack-3.2.18/lib/action_dispatch/middleware/templates/rescues/_request_and_response.erb (1.3ms)
  Rendered /home/saasbook/.rvm/gems/ruby-1.9.3-p448/gems/actionpack-3.2.18/lib/action_dispatch/middleware/templates/rescues/template_error.erb within rescues/layout (11.4ms)


Started GET "/movies" for 127.0.0.1 at 2015-09-15 21:24:17 -0300
Connecting to database specified by database.yml
Processing by MoviesController#index as HTML
  Rendered movies/index.html.haml within layouts/application (35.6ms)
Completed 500 Internal Server Error in 71.4ms

ActionView::Template::Error (undefined method `each' for nil:NilClass):
    11:         = link_to "Release Date", movies_path(sort: 'release_date', order: @order, ratings: params[:ratings]), {id: 'release_date_header'}
    12:       %th More Info
    13:   %tbody
    14:     - @movies.each do |movie|
    15:       %tr
    16:         %td= movie.title
    17:         %td= movie.rating
  app/views/movies/index.html.haml:14:in `_app_views_movies_index_html_haml__995712626__622242918'


  Rendered /home/saasbook/.rvm/gems/ruby-1.9.3-p448/gems/actionpack-3.2.18/lib/action_dispatch/middleware/templates/rescues/_trace.erb (1.4ms)
  Rendered /home/saasbook/.rvm/gems/ruby-1.9.3-p448/gems/actionpack-3.2.18/lib/action_dispatch/middleware/templates/rescues/_request_and_response.erb (0.9ms)
  Rendered /home/saasbook/.rvm/gems/ruby-1.9.3-p448/gems/actionpack-3.2.18/lib/action_dispatch/middleware/templates/rescues/template_error.erb within rescues/layout (10.0ms)


Started GET "/movies" for 127.0.0.1 at 2015-09-15 21:24:21 -0300
Processing by MoviesController#index as HTML
  Rendered movies/index.html.haml within layouts/application (4.4ms)
Completed 500 Internal Server Error in 5.8ms

ActionView::Template::Error (undefined method `each' for nil:NilClass):
    11:         = link_to "Release Date", movies_path(sort: 'release_date', order: @order, ratings: params[:ratings]), {id: 'release_date_header'}
    12:       %th More Info
    13:   %tbody
    14:     - @movies.each do |movie|
    15:       %tr
    16:         %td= movie.title
    17:         %td= movie.rating
  app/views/movies/index.html.haml:14:in `_app_views_movies_index_html_haml__995712626__622242918'


  Rendered /home/saasbook/.rvm/gems/ruby-1.9.3-p448/gems/actionpack-3.2.18/lib/action_dispatch/middleware/templates/rescues/_trace.erb (1.8ms)
  Rendered /home/saasbook/.rvm/gems/ruby-1.9.3-p448/gems/actionpack-3.2.18/lib/action_dispatch/middleware/templates/rescues/_request_and_response.erb (0.9ms)
  Rendered /home/saasbook/.rvm/gems/ruby-1.9.3-p448/gems/actionpack-3.2.18/lib/action_dispatch/middleware/templates/rescues/template_error.erb within rescues/layout (11.4ms)


Started GET "/movies" for 127.0.0.1 at 2015-09-15 21:29:17 -0300
Processing by MoviesController#index as HTML
  [1m[36mMovie Load (0.2ms)[0m  [1mSELECT "movies".* FROM "movies" [0m
  Rendered movies/index.html.haml within layouts/application (0.7ms)
Completed 500 Internal Server Error in 82.3ms

ActionView::Template::Error (Inconsistent indentation: 3 spaces used for indentation, but the rest of the document was indented using 2 spaces.):
    11:         = link_to "Release Date", movies_path(sort: 'release_date', order: @order, ratings: params[:ratings]), {id: 'release_date_header'}
    12:       %th More Info
    13:   %tbody
    14:    - @movies.each do |movie|
    15:       %tr
    16:         %td= movie.title
    17:         %td= movie.rating
  app/views/movies/index.html.haml:14


  Rendered /home/saasbook/.rvm/gems/ruby-1.9.3-p448/gems/actionpack-3.2.18/lib/action_dispatch/middleware/templates/rescues/_trace.erb (1.8ms)
  Rendered /home/saasbook/.rvm/gems/ruby-1.9.3-p448/gems/actionpack-3.2.18/lib/action_dispatch/middleware/templates/rescues/_request_and_response.erb (1.4ms)
  Rendered /home/saasbook/.rvm/gems/ruby-1.9.3-p448/gems/actionpack-3.2.18/lib/action_dispatch/middleware/templates/rescues/template_error.erb within rescues/layout (10.7ms)


Started GET "/movies" for 127.0.0.1 at 2015-09-15 21:29:19 -0300
Processing by MoviesController#index as HTML
  [1m[35mMovie Load (0.2ms)[0m  SELECT "movies".* FROM "movies" 
  Rendered movies/index.html.haml within layouts/application (3.8ms)
Completed 500 Internal Server Error in 6.2ms

ActionView::Template::Error (Inconsistent indentation: 3 spaces used for indentation, but the rest of the document was indented using 2 spaces.):
    11:         = link_to "Release Date", movies_path(sort: 'release_date', order: @order, ratings: params[:ratings]), {id: 'release_date_header'}
    12:       %th More Info
    13:   %tbody
    14:    - @movies.each do |movie|
    15:       %tr
    16:         %td= movie.title
    17:         %td= movie.rating
  app/views/movies/index.html.haml:14


  Rendered /home/saasbook/.rvm/gems/ruby-1.9.3-p448/gems/actionpack-3.2.18/lib/action_dispatch/middleware/templates/rescues/_trace.erb (1.3ms)
  Rendered /home/saasbook/.rvm/gems/ruby-1.9.3-p448/gems/actionpack-3.2.18/lib/action_dispatch/middleware/templates/rescues/_request_and_response.erb (1.0ms)
  Rendered /home/saasbook/.rvm/gems/ruby-1.9.3-p448/gems/actionpack-3.2.18/lib/action_dispatch/middleware/templates/rescues/template_error.erb within rescues/layout (10.1ms)


Started GET "/movies" for 127.0.0.1 at 2015-09-15 21:30:26 -0300
Processing by MoviesController#index as HTML
  [1m[36mMovie Load (0.2ms)[0m  [1mSELECT "movies".* FROM "movies" [0m
  Rendered movies/index.html.haml within layouts/application (1.1ms)
Completed 500 Internal Server Error in 6.6ms

ActionView::Template::Error (The line was indented 2 levels deeper than the previous line.):
    12:       %th More Info
    13:   %tbody
    14:   - @movies.each do |movie|
    15:       %tr
    16:         %td= movie.title
    17:         %td= movie.rating
    18:         %td= movie.release_date
  app/views/movies/index.html.haml:15


  Rendered /home/saasbook/.rvm/gems/ruby-1.9.3-p448/gems/actionpack-3.2.18/lib/action_dispatch/middleware/templates/rescues/_trace.erb (1.9ms)
  Rendered /home/saasbook/.rvm/gems/ruby-1.9.3-p448/gems/actionpack-3.2.18/lib/action_dispatch/middleware/templates/rescues/_request_and_response.erb (1.0ms)
  Rendered /home/saasbook/.rvm/gems/ruby-1.9.3-p448/gems/actionpack-3.2.18/lib/action_dispatch/middleware/templates/rescues/template_error.erb within rescues/layout (10.0ms)


Started GET "/movies" for 127.0.0.1 at 2015-09-15 21:32:20 -0300
Processing by MoviesController#index as HTML
  [1m[35mMovie Load (0.2ms)[0m  SELECT "movies".* FROM "movies" 
  Rendered movies/index.html.haml within layouts/application (1.0ms)
Completed 500 Internal Server Error in 5.7ms

ActionView::Template::Error (Inconsistent indentation: 3 spaces used for indentation, but the rest of the document was indented using 2 spaces.):
    10:       %th{:class => ("hilite" unless params[:sort] != 'release_date')}
    11:         = link_to "Release Date", movies_path(sort: 'release_date', order: @order, ratings: params[:ratings]), {id: 'release_date_header'}
    12:       %th More Info
    13:    %tbody
    14:     - @movies.each do |movie|
    15:       %tr
    16:         %td= movie.title
  app/views/movies/index.html.haml:13


  Rendered /home/saasbook/.rvm/gems/ruby-1.9.3-p448/gems/actionpack-3.2.18/lib/action_dispatch/middleware/templates/rescues/_trace.erb (27.8ms)
  Rendered /home/saasbook/.rvm/gems/ruby-1.9.3-p448/gems/actionpack-3.2.18/lib/action_dispatch/middleware/templates/rescues/_request_and_response.erb (1.1ms)
  Rendered /home/saasbook/.rvm/gems/ruby-1.9.3-p448/gems/actionpack-3.2.18/lib/action_dispatch/middleware/templates/rescues/template_error.erb within rescues/layout (36.2ms)


Started GET "/movies" for 127.0.0.1 at 2015-09-15 21:34:11 -0300
Processing by MoviesController#index as HTML
  [1m[36mMovie Load (0.2ms)[0m  [1mSELECT "movies".* FROM "movies" [0m
  Rendered movies/index.html.haml within layouts/application (12.0ms)
Completed 200 OK in 34.4ms (Views: 30.9ms | ActiveRecord: 0.2ms)


Started GET "/assets/application.css?body=1" for 127.0.0.1 at 2015-09-15 21:34:11 -0300
Served asset /application.css - 304 Not Modified (7ms)


Started GET "/assets/jquery_ujs.js?body=1" for 127.0.0.1 at 2015-09-15 21:34:11 -0300
Served asset /jquery_ujs.js - 304 Not Modified (11ms)


Started GET "/assets/application.js?body=1" for 127.0.0.1 at 2015-09-15 21:34:11 -0300
Served asset /application.js - 304 Not Modified (6ms)


Started GET "/assets/jquery.js?body=1" for 127.0.0.1 at 2015-09-15 21:34:11 -0300
Served asset /jquery.js - 304 Not Modified (2ms)


Started GET "/movies?sort=title" for 127.0.0.1 at 2015-09-15 21:34:13 -0300
Processing by MoviesController#index as HTML
  Parameters: {"sort"=>"title"}
  [1m[35mMovie Load (0.2ms)[0m  SELECT "movies".* FROM "movies" 
  Rendered movies/index.html.haml within layouts/application (9.7ms)
Completed 200 OK in 14.8ms (Views: 13.5ms | ActiveRecord: 0.2ms)


Started GET "/assets/application.css?body=1" for 127.0.0.1 at 2015-09-15 21:34:13 -0300
Served asset /application.css - 304 Not Modified (0ms)


Started GET "/assets/application.js?body=1" for 127.0.0.1 at 2015-09-15 21:34:14 -0300
Served asset /application.js - 304 Not Modified (1ms)


Started GET "/assets/jquery.js?body=1" for 127.0.0.1 at 2015-09-15 21:34:14 -0300
Served asset /jquery.js - 304 Not Modified (0ms)


Started GET "/assets/jquery_ujs.js?body=1" for 127.0.0.1 at 2015-09-15 21:34:14 -0300
Served asset /jquery_ujs.js - 304 Not Modified (0ms)


Started GET "/movies?sort=release_date" for 127.0.0.1 at 2015-09-15 21:34:15 -0300
Processing by MoviesController#index as HTML
  Parameters: {"sort"=>"release_date"}
  [1m[36mMovie Load (4.1ms)[0m  [1mSELECT "movies".* FROM "movies" [0m
  Rendered movies/index.html.haml within layouts/application (12.2ms)
Completed 200 OK in 23.9ms (Views: 18.3ms | ActiveRecord: 4.1ms)


Started GET "/assets/application.css?body=1" for 127.0.0.1 at 2015-09-15 21:34:15 -0300
Served asset /application.css - 304 Not Modified (0ms)


Started GET "/assets/jquery.js?body=1" for 127.0.0.1 at 2015-09-15 21:34:15 -0300
Served asset /jquery.js - 304 Not Modified (0ms)


Started GET "/assets/jquery_ujs.js?body=1" for 127.0.0.1 at 2015-09-15 21:34:15 -0300
Served asset /jquery_ujs.js - 304 Not Modified (1ms)


Started GET "/assets/application.js?body=1" for 127.0.0.1 at 2015-09-15 21:34:15 -0300
Served asset /application.js - 304 Not Modified (0ms)


Started GET "/movies?sort=title" for 127.0.0.1 at 2015-09-15 21:34:18 -0300
Processing by MoviesController#index as HTML
  Parameters: {"sort"=>"title"}
  [1m[35mMovie Load (0.2ms)[0m  SELECT "movies".* FROM "movies" 
  Rendered movies/index.html.haml within layouts/application (5.0ms)
Completed 200 OK in 14.3ms (Views: 13.1ms | ActiveRecord: 0.2ms)


Started GET "/assets/application.css?body=1" for 127.0.0.1 at 2015-09-15 21:34:18 -0300
Served asset /application.css - 304 Not Modified (0ms)


Started GET "/assets/application.js?body=1" for 127.0.0.1 at 2015-09-15 21:34:18 -0300
Served asset /application.js - 304 Not Modified (0ms)


Started GET "/assets/jquery_ujs.js?body=1" for 127.0.0.1 at 2015-09-15 21:34:18 -0300
Served asset /jquery_ujs.js - 304 Not Modified (0ms)


Started GET "/assets/jquery.js?body=1" for 127.0.0.1 at 2015-09-15 21:34:18 -0300
Served asset /jquery.js - 304 Not Modified (0ms)


Started GET "/movies" for 127.0.0.1 at 2015-09-15 22:02:27 -0300
Processing by MoviesController#index as HTML
  [1m[36mMovie Load (0.1ms)[0m  [1mSELECT "movies".* FROM "movies" [0m
  Rendered movies/index.html.haml within layouts/application (12.2ms)
Completed 200 OK in 18.4ms (Views: 16.5ms | ActiveRecord: 0.6ms)


Started GET "/assets/application.css?body=1" for 127.0.0.1 at 2015-09-15 22:02:27 -0300
Served asset /application.css - 304 Not Modified (0ms)


Started GET "/assets/jquery.js?body=1" for 127.0.0.1 at 2015-09-15 22:02:27 -0300
Served asset /jquery.js - 304 Not Modified (0ms)


Started GET "/assets/application.js?body=1" for 127.0.0.1 at 2015-09-15 22:02:27 -0300
Served asset /application.js - 304 Not Modified (0ms)


Started GET "/assets/jquery_ujs.js?body=1" for 127.0.0.1 at 2015-09-15 22:02:27 -0300
Served asset /jquery_ujs.js - 304 Not Modified (0ms)


Started GET "/movies?sort=title" for 127.0.0.1 at 2015-09-15 22:02:30 -0300
Processing by MoviesController#index as HTML
  Parameters: {"sort"=>"title"}
  [1m[35mMovie Load (0.3ms)[0m  SELECT "movies".* FROM "movies" ORDER BY title
  Rendered movies/index.html.haml within layouts/application (11.3ms)
Completed 200 OK in 15.6ms (Views: 15.1ms | ActiveRecord: 0.3ms)


Started GET "/assets/application.css?body=1" for 127.0.0.1 at 2015-09-15 22:02:30 -0300
Served asset /application.css - 304 Not Modified (0ms)


Started GET "/assets/application.js?body=1" for 127.0.0.1 at 2015-09-15 22:02:30 -0300
Served asset /application.js - 304 Not Modified (1ms)


Started GET "/assets/jquery_ujs.js?body=1" for 127.0.0.1 at 2015-09-15 22:02:30 -0300
Served asset /jquery_ujs.js - 304 Not Modified (0ms)


Started GET "/assets/jquery.js?body=1" for 127.0.0.1 at 2015-09-15 22:02:30 -0300
Served asset /jquery.js - 304 Not Modified (0ms)


Started GET "/movies?sort=release_date" for 127.0.0.1 at 2015-09-15 22:02:32 -0300
Processing by MoviesController#index as HTML
  Parameters: {"sort"=>"release_date"}
  [1m[36mMovie Load (0.2ms)[0m  [1mSELECT "movies".* FROM "movies" ORDER BY release_date[0m
  Rendered movies/index.html.haml within layouts/application (9.1ms)
Completed 200 OK in 14.6ms (Views: 14.1ms | ActiveRecord: 0.2ms)


Started GET "/assets/application.css?body=1" for 127.0.0.1 at 2015-09-15 22:02:32 -0300
Served asset /application.css - 304 Not Modified (0ms)


Started GET "/assets/application.js?body=1" for 127.0.0.1 at 2015-09-15 22:02:32 -0300
Served asset /application.js - 304 Not Modified (8ms)


Started GET "/assets/jquery_ujs.js?body=1" for 127.0.0.1 at 2015-09-15 22:02:32 -0300
Served asset /jquery_ujs.js - 304 Not Modified (0ms)


Started GET "/assets/jquery.js?body=1" for 127.0.0.1 at 2015-09-15 22:02:32 -0300
Served asset /jquery.js - 304 Not Modified (0ms)


Started GET "/movies?sort=title" for 127.0.0.1 at 2015-09-15 22:02:34 -0300
Processing by MoviesController#index as HTML
  Parameters: {"sort"=>"title"}
  [1m[35mMovie Load (0.2ms)[0m  SELECT "movies".* FROM "movies" ORDER BY title
  Rendered movies/index.html.haml within layouts/application (10.9ms)
Completed 200 OK in 15.0ms (Views: 14.5ms | ActiveRecord: 0.2ms)


Started GET "/assets/application.css?body=1" for 127.0.0.1 at 2015-09-15 22:02:34 -0300
Served asset /application.css - 304 Not Modified (0ms)


Started GET "/assets/application.js?body=1" for 127.0.0.1 at 2015-09-15 22:02:34 -0300
Served asset /application.js - 304 Not Modified (11ms)


Started GET "/assets/jquery_ujs.js?body=1" for 127.0.0.1 at 2015-09-15 22:02:34 -0300
Served asset /jquery_ujs.js - 304 Not Modified (0ms)


Started GET "/assets/jquery.js?body=1" for 127.0.0.1 at 2015-09-15 22:02:34 -0300
Served asset /jquery.js - 304 Not Modified (0ms)


Started GET "/movies?sort=release_date" for 127.0.0.1 at 2015-09-15 22:02:38 -0300
Processing by MoviesController#index as HTML
  Parameters: {"sort"=>"release_date"}
  [1m[36mMovie Load (0.2ms)[0m  [1mSELECT "movies".* FROM "movies" ORDER BY release_date[0m
  Rendered movies/index.html.haml within layouts/application (13.5ms)
Completed 200 OK in 17.7ms (Views: 17.2ms | ActiveRecord: 0.2ms)


Started GET "/assets/application.css?body=1" for 127.0.0.1 at 2015-09-15 22:02:38 -0300
Served asset /application.css - 304 Not Modified (0ms)


Started GET "/assets/application.js?body=1" for 127.0.0.1 at 2015-09-15 22:02:38 -0300
Served asset /application.js - 304 Not Modified (54ms)


Started GET "/assets/jquery.js?body=1" for 127.0.0.1 at 2015-09-15 22:02:38 -0300
Served asset /jquery.js - 304 Not Modified (0ms)


Started GET "/assets/jquery_ujs.js?body=1" for 127.0.0.1 at 2015-09-15 22:02:38 -0300
Served asset /jquery_ujs.js - 304 Not Modified (0ms)


Started GET "/movies?sort=release_date" for 127.0.0.1 at 2015-09-15 22:22:02 -0300
Connecting to database specified by database.yml
Processing by MoviesController#index as HTML
  Parameters: {"sort"=>"release_date"}
  Rendered movies/index.html.haml within layouts/application (37.2ms)
Completed 500 Internal Server Error in 109.4ms

ActionView::Template::Error (undefined method `each' for nil:NilClass):
    3: 
    4: = form_tag movies_path, :method => :get do
    5:   Include:
    6:   - @all_ratings.each do |rating|
    7:     = rating
    8:     = check_box_tag "ratings[#{rating}]"
    9:   = submit_tag 'Refresh'
  app/views/movies/index.html.haml:6:in `block in _app_views_movies_index_html_haml__1020153761__624281948'
  app/views/movies/index.html.haml:4:in `_app_views_movies_index_html_haml__1020153761__624281948'


  Rendered /home/saasbook/.rvm/gems/ruby-1.9.3-p448/gems/actionpack-3.2.18/lib/action_dispatch/middleware/templates/rescues/_trace.erb (1.7ms)
  Rendered /home/saasbook/.rvm/gems/ruby-1.9.3-p448/gems/actionpack-3.2.18/lib/action_dispatch/middleware/templates/rescues/_request_and_response.erb (1.0ms)
  Rendered /home/saasbook/.rvm/gems/ruby-1.9.3-p448/gems/actionpack-3.2.18/lib/action_dispatch/middleware/templates/rescues/template_error.erb within rescues/layout (9.7ms)


Started GET "/movies" for 127.0.0.1 at 2015-09-15 22:31:07 -0300
Connecting to database specified by database.yml
Processing by MoviesController#index as HTML
  Rendered movies/index.html.haml within layouts/application (34.3ms)
Completed 500 Internal Server Error in 111.1ms

ActionView::Template::Error (undefined method `each' for nil:NilClass):
    3: 
    4: = form_tag movies_path, :method => :get do
    5:   Include:
    6:   - @all_ratings.each do |rating|
    7:     = rating
    8:     = check_box_tag "ratings[#{rating}]"
    9:   = submit_tag 'Refresh'
  app/views/movies/index.html.haml:6:in `block in _app_views_movies_index_html_haml___396695683__628076128'
  app/views/movies/index.html.haml:4:in `_app_views_movies_index_html_haml___396695683__628076128'


  Rendered /home/saasbook/.rvm/gems/ruby-1.9.3-p448/gems/actionpack-3.2.18/lib/action_dispatch/middleware/templates/rescues/_trace.erb (1.3ms)
  Rendered /home/saasbook/.rvm/gems/ruby-1.9.3-p448/gems/actionpack-3.2.18/lib/action_dispatch/middleware/templates/rescues/_request_and_response.erb (1.0ms)
  Rendered /home/saasbook/.rvm/gems/ruby-1.9.3-p448/gems/actionpack-3.2.18/lib/action_dispatch/middleware/templates/rescues/template_error.erb within rescues/layout (9.9ms)


Started GET "/movies" for 127.0.0.1 at 2015-09-15 22:31:11 -0300
Processing by MoviesController#index as HTML
  Rendered movies/index.html.haml within layouts/application (1.7ms)
Completed 500 Internal Server Error in 5.2ms

ActionView::Template::Error (undefined method `each' for nil:NilClass):
    3: 
    4: = form_tag movies_path, :method => :get do
    5:   Include:
    6:   - @all_ratings.each do |rating|
    7:     = rating
    8:     = check_box_tag "ratings[#{rating}]"
    9:   = submit_tag 'Refresh'
  app/views/movies/index.html.haml:6:in `block in _app_views_movies_index_html_haml___396695683__628076128'
  app/views/movies/index.html.haml:4:in `_app_views_movies_index_html_haml___396695683__628076128'


  Rendered /home/saasbook/.rvm/gems/ruby-1.9.3-p448/gems/actionpack-3.2.18/lib/action_dispatch/middleware/templates/rescues/_trace.erb (1.0ms)
  Rendered /home/saasbook/.rvm/gems/ruby-1.9.3-p448/gems/actionpack-3.2.18/lib/action_dispatch/middleware/templates/rescues/_request_and_response.erb (1.2ms)
  Rendered /home/saasbook/.rvm/gems/ruby-1.9.3-p448/gems/actionpack-3.2.18/lib/action_dispatch/middleware/templates/rescues/template_error.erb within rescues/layout (9.5ms)


Started GET "/movies" for 127.0.0.1 at 2015-09-15 22:34:01 -0300
Processing by MoviesController#index as HTML
  [1m[36mMovie Load (0.1ms)[0m  [1mSELECT "movies".* FROM "movies" [0m
  Rendered movies/index.html.haml within layouts/application (17.0ms)
Completed 200 OK in 33.4ms (Views: 30.1ms | ActiveRecord: 2.6ms)


Started GET "/assets/application.css?body=1" for 127.0.0.1 at 2015-09-15 22:34:01 -0300
Served asset /application.css - 304 Not Modified (3ms)


Started GET "/assets/application.js?body=1" for 127.0.0.1 at 2015-09-15 22:34:01 -0300
Served asset /application.js - 304 Not Modified (6ms)


Started GET "/assets/jquery_ujs.js?body=1" for 127.0.0.1 at 2015-09-15 22:34:01 -0300
Served asset /jquery_ujs.js - 304 Not Modified (1ms)


Started GET "/assets/jquery.js?body=1" for 127.0.0.1 at 2015-09-15 22:34:01 -0300
Served asset /jquery.js - 304 Not Modified (2ms)


Started GET "/movies?utf8=%E2%9C%93&ratings%5BR%5D=1&commit=Refresh" for 127.0.0.1 at 2015-09-15 22:34:05 -0300
Processing by MoviesController#index as HTML
  Parameters: {"utf8"=>"✓", "ratings"=>{"R"=>"1"}, "commit"=>"Refresh"}
  [1m[35mMovie Load (2.1ms)[0m  SELECT "movies".* FROM "movies" 
  Rendered movies/index.html.haml within layouts/application (44.3ms)
Completed 200 OK in 48.8ms (Views: 46.4ms | ActiveRecord: 2.1ms)


Started GET "/assets/application.css?body=1" for 127.0.0.1 at 2015-09-15 22:34:05 -0300
Served asset /application.css - 304 Not Modified (0ms)


Started GET "/assets/application.js?body=1" for 127.0.0.1 at 2015-09-15 22:34:05 -0300
Served asset /application.js - 304 Not Modified (10ms)


Started GET "/assets/jquery_ujs.js?body=1" for 127.0.0.1 at 2015-09-15 22:34:05 -0300
Served asset /jquery_ujs.js - 304 Not Modified (0ms)


Started GET "/assets/jquery.js?body=1" for 127.0.0.1 at 2015-09-15 22:34:05 -0300
Served asset /jquery.js - 304 Not Modified (8ms)


Started GET "/movies?ratings%5BR%5D=1&sort=title" for 127.0.0.1 at 2015-09-15 22:34:08 -0300
Processing by MoviesController#index as HTML
  Parameters: {"ratings"=>{"R"=>"1"}, "sort"=>"title"}
  [1m[36mMovie Load (5.9ms)[0m  [1mSELECT "movies".* FROM "movies" ORDER BY title[0m
  Rendered movies/index.html.haml within layouts/application (12.2ms)
Completed 200 OK in 15.9ms (Views: 9.7ms | ActiveRecord: 5.9ms)


Started GET "/assets/application.css?body=1" for 127.0.0.1 at 2015-09-15 22:34:08 -0300
Served asset /application.css - 304 Not Modified (0ms)


Started GET "/assets/jquery.js?body=1" for 127.0.0.1 at 2015-09-15 22:34:08 -0300
Served asset /jquery.js - 304 Not Modified (0ms)


Started GET "/assets/application.js?body=1" for 127.0.0.1 at 2015-09-15 22:34:08 -0300
Served asset /application.js - 304 Not Modified (10ms)


Started GET "/assets/jquery_ujs.js?body=1" for 127.0.0.1 at 2015-09-15 22:34:08 -0300
Served asset /jquery_ujs.js - 304 Not Modified (0ms)


Started GET "/movies?utf8=%E2%9C%93&commit=Refresh" for 127.0.0.1 at 2015-09-15 22:34:10 -0300
Processing by MoviesController#index as HTML
  Parameters: {"utf8"=>"✓", "commit"=>"Refresh"}
  [1m[35mMovie Load (0.0ms)[0m  SELECT "movies".* FROM "movies" 
  Rendered movies/index.html.haml within layouts/application (15.8ms)
Completed 200 OK in 25.1ms (Views: 24.9ms | ActiveRecord: 0.0ms)


Started GET "/assets/application.css?body=1" for 127.0.0.1 at 2015-09-15 22:34:10 -0300
Served asset /application.css - 304 Not Modified (0ms)


Started GET "/assets/application.js?body=1" for 127.0.0.1 at 2015-09-15 22:34:10 -0300
Served asset /application.js - 304 Not Modified (16ms)


Started GET "/assets/jquery_ujs.js?body=1" for 127.0.0.1 at 2015-09-15 22:34:10 -0300
Served asset /jquery_ujs.js - 304 Not Modified (0ms)


Started GET "/assets/jquery.js?body=1" for 127.0.0.1 at 2015-09-15 22:34:10 -0300
Served asset /jquery.js - 304 Not Modified (0ms)


Started GET "/movies?sort=release_date" for 127.0.0.1 at 2015-09-15 22:34:12 -0300
Processing by MoviesController#index as HTML
  Parameters: {"sort"=>"release_date"}
  [1m[36mMovie Load (0.2ms)[0m  [1mSELECT "movies".* FROM "movies" ORDER BY release_date[0m
  Rendered movies/index.html.haml within layouts/application (12.5ms)
Completed 200 OK in 17.5ms (Views: 16.9ms | ActiveRecord: 0.2ms)


Started GET "/assets/application.css?body=1" for 127.0.0.1 at 2015-09-15 22:34:12 -0300
Served asset /application.css - 304 Not Modified (0ms)


Started GET "/assets/jquery_ujs.js?body=1" for 127.0.0.1 at 2015-09-15 22:34:12 -0300
Served asset /jquery_ujs.js - 304 Not Modified (0ms)


Started GET "/assets/jquery.js?body=1" for 127.0.0.1 at 2015-09-15 22:34:12 -0300
Served asset /jquery.js - 304 Not Modified (0ms)


Started GET "/assets/application.js?body=1" for 127.0.0.1 at 2015-09-15 22:34:12 -0300
Served asset /application.js - 304 Not Modified (4ms)


Started GET "/movies?sort=title" for 127.0.0.1 at 2015-09-15 22:34:26 -0300
Processing by MoviesController#index as HTML
  Parameters: {"sort"=>"title"}
  [1m[35mMovie Load (0.4ms)[0m  SELECT "movies".* FROM "movies" ORDER BY title
  Rendered movies/index.html.haml within layouts/application (31.7ms)
Completed 200 OK in 50.0ms (Views: 49.4ms | ActiveRecord: 0.4ms)


Started GET "/assets/application.css?body=1" for 127.0.0.1 at 2015-09-15 22:34:26 -0300
Served asset /application.css - 304 Not Modified (0ms)


Started GET "/assets/jquery.js?body=1" for 127.0.0.1 at 2015-09-15 22:34:26 -0300
Served asset /jquery.js - 304 Not Modified (0ms)


Started GET "/assets/jquery_ujs.js?body=1" for 127.0.0.1 at 2015-09-15 22:34:26 -0300
Served asset /jquery_ujs.js - 304 Not Modified (0ms)


Started GET "/assets/application.js?body=1" for 127.0.0.1 at 2015-09-15 22:34:26 -0300
Served asset /application.js - 304 Not Modified (0ms)


Started GET "/movies?sort=release_date" for 127.0.0.1 at 2015-09-15 22:34:28 -0300
Processing by MoviesController#index as HTML
  Parameters: {"sort"=>"release_date"}
  [1m[36mMovie Load (0.3ms)[0m  [1mSELECT "movies".* FROM "movies" ORDER BY release_date[0m
  Rendered movies/index.html.haml within layouts/application (15.5ms)
Completed 200 OK in 20.1ms (Views: 19.6ms | ActiveRecord: 0.3ms)


Started GET "/assets/application.css?body=1" for 127.0.0.1 at 2015-09-15 22:34:28 -0300
Served asset /application.css - 304 Not Modified (0ms)


Started GET "/assets/application.js?body=1" for 127.0.0.1 at 2015-09-15 22:34:28 -0300
Served asset /application.js - 304 Not Modified (16ms)


Started GET "/assets/jquery_ujs.js?body=1" for 127.0.0.1 at 2015-09-15 22:34:28 -0300
Served asset /jquery_ujs.js - 304 Not Modified (0ms)


Started GET "/assets/jquery.js?body=1" for 127.0.0.1 at 2015-09-15 22:34:28 -0300
Served asset /jquery.js - 304 Not Modified (0ms)


Started GET "/movies?sort=title" for 127.0.0.1 at 2015-09-15 22:34:31 -0300
Processing by MoviesController#index as HTML
  Parameters: {"sort"=>"title"}
  [1m[35mMovie Load (0.2ms)[0m  SELECT "movies".* FROM "movies" ORDER BY title
  Rendered movies/index.html.haml within layouts/application (10.4ms)
Completed 200 OK in 20.0ms (Views: 19.5ms | ActiveRecord: 0.2ms)


Started GET "/assets/application.css?body=1" for 127.0.0.1 at 2015-09-15 22:34:31 -0300
Served asset /application.css - 304 Not Modified (0ms)


Started GET "/assets/application.js?body=1" for 127.0.0.1 at 2015-09-15 22:34:31 -0300
Served asset /application.js - 304 Not Modified (5ms)


Started GET "/assets/jquery.js?body=1" for 127.0.0.1 at 2015-09-15 22:34:31 -0300
Served asset /jquery.js - 304 Not Modified (0ms)


Started GET "/assets/jquery_ujs.js?body=1" for 127.0.0.1 at 2015-09-15 22:34:31 -0300
Served asset /jquery_ujs.js - 304 Not Modified (0ms)


Started GET "/movies?utf8=%E2%9C%93&ratings%5BG%5D=1&commit=Refresh" for 127.0.0.1 at 2015-09-15 22:34:34 -0300
Processing by MoviesController#index as HTML
  Parameters: {"utf8"=>"✓", "ratings"=>{"G"=>"1"}, "commit"=>"Refresh"}
  [1m[36mMovie Load (0.2ms)[0m  [1mSELECT "movies".* FROM "movies" [0m
  Rendered movies/index.html.haml within layouts/application (18.9ms)
Completed 200 OK in 31.7ms (Views: 31.3ms | ActiveRecord: 0.2ms)


Started GET "/assets/application.css?body=1" for 127.0.0.1 at 2015-09-15 22:34:34 -0300
Served asset /application.css - 304 Not Modified (0ms)


Started GET "/assets/jquery.js?body=1" for 127.0.0.1 at 2015-09-15 22:34:34 -0300
Served asset /jquery.js - 304 Not Modified (14ms)


Started GET "/assets/application.js?body=1" for 127.0.0.1 at 2015-09-15 22:34:34 -0300
Served asset /application.js - 304 Not Modified (14ms)


Started GET "/assets/jquery_ujs.js?body=1" for 127.0.0.1 at 2015-09-15 22:34:34 -0300
Served asset /jquery_ujs.js - 304 Not Modified (14ms)


Started GET "/movies?utf8=%E2%9C%93&ratings%5BPG-13%5D=1&ratings%5BR%5D=1&commit=Refresh" for 127.0.0.1 at 2015-09-15 22:40:53 -0300
Connecting to database specified by database.yml
Processing by MoviesController#index as HTML
  Parameters: {"utf8"=>"✓", "ratings"=>{"PG-13"=>"1", "R"=>"1"}, "commit"=>"Refresh"}
  [1m[36mMovie Load (0.5ms)[0m  [1mSELECT "movies".* FROM "movies" [0m
  Rendered movies/index.html.haml within layouts/application (162.2ms)
Completed 200 OK in 476.3ms (Views: 307.4ms | ActiveRecord: 9.8ms)


Started GET "/assets/application.css?body=1" for 127.0.0.1 at 2015-09-15 22:40:55 -0300
Served asset /application.css - 304 Not Modified (21ms)


Started GET "/assets/application.js?body=1" for 127.0.0.1 at 2015-09-15 22:40:55 -0300
Served asset /application.js - 304 Not Modified (49ms)


Started GET "/assets/jquery_ujs.js?body=1" for 127.0.0.1 at 2015-09-15 22:40:55 -0300
Served asset /jquery_ujs.js - 304 Not Modified (26ms)


Started GET "/assets/jquery.js?body=1" for 127.0.0.1 at 2015-09-15 22:40:55 -0300
Served asset /jquery.js - 304 Not Modified (193ms)


Started GET "/assets/rails.png" for 127.0.0.1 at 2015-09-16 10:36:50 -0300
Connecting to database specified by database.yml
Served asset /rails.png - 200 OK (2ms)


Started GET "/movies" for 127.0.0.1 at 2015-09-16 10:36:54 -0300

SyntaxError (/home/saasbook/Documents/rails-intro/app/controllers/movies_controller.rb:15: syntax error, unexpected ':'
    @ratings = ratings.nil? Movie.all_ratings : ratings.keys
                                               ^):
  activesupport (3.2.18) lib/active_support/dependencies.rb:469:in `load'
  activesupport (3.2.18) lib/active_support/dependencies.rb:469:in `block in load_file'
  activesupport (3.2.18) lib/active_support/dependencies.rb:639:in `new_constants_in'
  activesupport (3.2.18) lib/active_support/dependencies.rb:468:in `load_file'
  activesupport (3.2.18) lib/active_support/dependencies.rb:353:in `require_or_load'
  activesupport (3.2.18) lib/active_support/dependencies.rb:502:in `load_missing_constant'
  activesupport (3.2.18) lib/active_support/dependencies.rb:192:in `block in const_missing'
  activesupport (3.2.18) lib/active_support/dependencies.rb:190:in `each'
  activesupport (3.2.18) lib/active_support/dependencies.rb:190:in `const_missing'
  activesupport (3.2.18) lib/active_support/inflector/methods.rb:230:in `block in constantize'
  activesupport (3.2.18) lib/active_support/inflector/methods.rb:229:in `each'
  activesupport (3.2.18) lib/active_support/inflector/methods.rb:229:in `constantize'
  activesupport (3.2.18) lib/active_support/dependencies.rb:554:in `get'
  actionpack (3.2.18) lib/action_dispatch/routing/route_set.rb:69:in `controller_reference'
  actionpack (3.2.18) lib/action_dispatch/routing/route_set.rb:54:in `controller'
  actionpack (3.2.18) lib/action_dispatch/routing/route_set.rb:32:in `call'
  journey (1.0.4) lib/journey/router.rb:68:in `block in call'
  journey (1.0.4) lib/journey/router.rb:56:in `each'
  journey (1.0.4) lib/journey/router.rb:56:in `call'
  actionpack (3.2.18) lib/action_dispatch/routing/route_set.rb:608:in `call'
  actionpack (3.2.18) lib/action_dispatch/middleware/best_standards_support.rb:17:in `call'
  rack (1.4.5) lib/rack/etag.rb:23:in `call'
  rack (1.4.5) lib/rack/conditionalget.rb:25:in `call'
  actionpack (3.2.18) lib/action_dispatch/middleware/head.rb:14:in `call'
  actionpack (3.2.18) lib/action_dispatch/middleware/params_parser.rb:21:in `call'
  actionpack (3.2.18) lib/action_dispatch/middleware/flash.rb:242:in `call'
  rack (1.4.5) lib/rack/session/abstract/id.rb:210:in `context'
  rack (1.4.5) lib/rack/session/abstract/id.rb:205:in `call'
  actionpack (3.2.18) lib/action_dispatch/middleware/cookies.rb:341:in `call'
  activerecord (3.2.18) lib/active_record/query_cache.rb:64:in `call'
  activerecord (3.2.18) lib/active_record/connection_adapters/abstract/connection_pool.rb:479:in `call'
  actionpack (3.2.18) lib/action_dispatch/middleware/callbacks.rb:28:in `block in call'
  activesupport (3.2.18) lib/active_support/callbacks.rb:405:in `_run__839501517__call__741256311__callbacks'
  activesupport (3.2.18) lib/active_support/callbacks.rb:405:in `__run_callback'
  activesupport (3.2.18) lib/active_support/callbacks.rb:385:in `_run_call_callbacks'
  activesupport (3.2.18) lib/active_support/callbacks.rb:81:in `run_callbacks'
  actionpack (3.2.18) lib/action_dispatch/middleware/callbacks.rb:27:in `call'
  actionpack (3.2.18) lib/action_dispatch/middleware/reloader.rb:65:in `call'
  actionpack (3.2.18) lib/action_dispatch/middleware/remote_ip.rb:31:in `call'
  actionpack (3.2.18) lib/action_dispatch/middleware/debug_exceptions.rb:16:in `call'
  actionpack (3.2.18) lib/action_dispatch/middleware/show_exceptions.rb:56:in `call'
  railties (3.2.18) lib/rails/rack/logger.rb:32:in `call_app'
  railties (3.2.18) lib/rails/rack/logger.rb:16:in `block in call'
  activesupport (3.2.18) lib/active_support/tagged_logging.rb:22:in `tagged'
  railties (3.2.18) lib/rails/rack/logger.rb:16:in `call'
  actionpack (3.2.18) lib/action_dispatch/middleware/request_id.rb:22:in `call'
  rack (1.4.5) lib/rack/methodoverride.rb:21:in `call'
  rack (1.4.5) lib/rack/runtime.rb:17:in `call'
  activesupport (3.2.18) lib/active_support/cache/strategy/local_cache.rb:72:in `call'
  rack (1.4.5) lib/rack/lock.rb:15:in `call'
  actionpack (3.2.18) lib/action_dispatch/middleware/static.rb:63:in `call'
  railties (3.2.18) lib/rails/engine.rb:484:in `call'
  railties (3.2.18) lib/rails/application.rb:231:in `call'
  rack (1.4.5) lib/rack/content_length.rb:14:in `call'
  railties (3.2.18) lib/rails/rack/log_tailer.rb:17:in `call'
  rack (1.4.5) lib/rack/handler/webrick.rb:59:in `service'
  /home/saasbook/.rvm/rubies/ruby-1.9.3-p448/lib/ruby/1.9.1/webrick/httpserver.rb:138:in `service'
  /home/saasbook/.rvm/rubies/ruby-1.9.3-p448/lib/ruby/1.9.1/webrick/httpserver.rb:94:in `run'
  /home/saasbook/.rvm/rubies/ruby-1.9.3-p448/lib/ruby/1.9.1/webrick/server.rb:191:in `block in start_thread'


  Rendered /home/saasbook/.rvm/gems/ruby-1.9.3-p448/gems/actionpack-3.2.18/lib/action_dispatch/middleware/templates/rescues/_trace.erb (1.1ms)
  Rendered /home/saasbook/.rvm/gems/ruby-1.9.3-p448/gems/actionpack-3.2.18/lib/action_dispatch/middleware/templates/rescues/_request_and_response.erb (48.6ms)
  Rendered /home/saasbook/.rvm/gems/ruby-1.9.3-p448/gems/actionpack-3.2.18/lib/action_dispatch/middleware/templates/rescues/diagnostics.erb within rescues/layout (120.4ms)


Started GET "/movies" for 127.0.0.1 at 2015-09-16 10:37:21 -0300
Processing by MoviesController#index as HTML
  [1m[36mMovie Load (0.1ms)[0m  [1mSELECT "movies".* FROM "movies" WHERE (rating == @ratings)[0m
  Rendered movies/index.html.haml within layouts/application (32.3ms)
Completed 200 OK in 306.9ms (Views: 138.6ms | ActiveRecord: 10.3ms)


Started GET "/assets/application.css?body=1" for 127.0.0.1 at 2015-09-16 10:37:21 -0300
Served asset /application.css - 200 OK (7ms)


Started GET "/assets/jquery.js?body=1" for 127.0.0.1 at 2015-09-16 10:37:22 -0300
Served asset /jquery.js - 200 OK (3ms)


Started GET "/assets/jquery_ujs.js?body=1" for 127.0.0.1 at 2015-09-16 10:37:22 -0300
Served asset /jquery_ujs.js - 200 OK (6ms)


Started GET "/assets/application.js?body=1" for 127.0.0.1 at 2015-09-16 10:37:22 -0300
Served asset /application.js - 200 OK (17ms)


Started GET "/movies?utf8=%E2%9C%93&ratings%5BR%5D=1&commit=Refresh" for 127.0.0.1 at 2015-09-16 10:37:27 -0300
Processing by MoviesController#index as HTML
  Parameters: {"utf8"=>"✓", "ratings"=>{"R"=>"1"}, "commit"=>"Refresh"}
  [1m[35mMovie Load (0.2ms)[0m  SELECT "movies".* FROM "movies" WHERE (rating == @ratings)
  Rendered movies/index.html.haml within layouts/application (4.3ms)
Completed 200 OK in 14.4ms (Views: 13.9ms | ActiveRecord: 0.2ms)


Started GET "/movies?utf8=%E2%9C%93&ratings%5BPG-13%5D=1&commit=Refresh" for 127.0.0.1 at 2015-09-16 10:37:32 -0300
Processing by MoviesController#index as HTML
  Parameters: {"utf8"=>"✓", "ratings"=>{"PG-13"=>"1"}, "commit"=>"Refresh"}
  [1m[36mMovie Load (0.1ms)[0m  [1mSELECT "movies".* FROM "movies" WHERE (rating == @ratings)[0m
  Rendered movies/index.html.haml within layouts/application (5.4ms)
Completed 200 OK in 14.9ms (Views: 14.4ms | ActiveRecord: 0.1ms)


Started GET "/movies?utf8=%E2%9C%93&ratings%5BPG-13%5D=1&commit=Refresh" for 127.0.0.1 at 2015-09-16 10:37:59 -0300
Processing by MoviesController#index as HTML
  Parameters: {"utf8"=>"✓", "ratings"=>{"PG-13"=>"1"}, "commit"=>"Refresh"}
  [1m[35mMovie Load (0.1ms)[0m  SELECT "movies".* FROM "movies" 
  Rendered movies/index.html.haml within layouts/application (61.8ms)
Completed 200 OK in 67.6ms (Views: 66.3ms | ActiveRecord: 0.5ms)


Started GET "/movies?utf8=%E2%9C%93&ratings%5BR%5D=1&commit=Refresh" for 127.0.0.1 at 2015-09-16 10:38:03 -0300
Processing by MoviesController#index as HTML
  Parameters: {"utf8"=>"✓", "ratings"=>{"R"=>"1"}, "commit"=>"Refresh"}
  [1m[36mMovie Load (0.2ms)[0m  [1mSELECT "movies".* FROM "movies" [0m
  Rendered movies/index.html.haml within layouts/application (9.0ms)
Completed 200 OK in 13.4ms (Views: 12.9ms | ActiveRecord: 0.2ms)


Started GET "/movies?utf8=%E2%9C%93&ratings%5BR%5D=1&commit=Refresh" for 127.0.0.1 at 2015-09-16 10:38:11 -0300
Processing by MoviesController#index as HTML
  Parameters: {"utf8"=>"✓", "ratings"=>{"R"=>"1"}, "commit"=>"Refresh"}
  [1m[35mMovie Load (0.1ms)[0m  SELECT "movies".* FROM "movies" WHERE (rating = @ratings)
  Rendered movies/index.html.haml within layouts/application (4.1ms)
Completed 200 OK in 11.0ms (Views: 8.8ms | ActiveRecord: 0.6ms)


Started GET "/assets/application.css?body=1" for 127.0.0.1 at 2015-09-16 10:38:11 -0300
Served asset /application.css - 304 Not Modified (0ms)


Started GET "/assets/jquery.js?body=1" for 127.0.0.1 at 2015-09-16 10:38:11 -0300
Served asset /jquery.js - 304 Not Modified (10ms)


Started GET "/assets/jquery_ujs.js?body=1" for 127.0.0.1 at 2015-09-16 10:38:11 -0300
Served asset /jquery_ujs.js - 304 Not Modified (0ms)


Started GET "/assets/application.js?body=1" for 127.0.0.1 at 2015-09-16 10:38:11 -0300
Served asset /application.js - 304 Not Modified (1ms)


Started GET "/movies?utf8=%E2%9C%93&ratings%5BPG-13%5D=1&commit=Refresh" for 127.0.0.1 at 2015-09-16 10:38:19 -0300
Processing by MoviesController#index as HTML
  Parameters: {"utf8"=>"✓", "ratings"=>{"PG-13"=>"1"}, "commit"=>"Refresh"}
  [1m[36mMovie Load (0.1ms)[0m  [1mSELECT "movies".* FROM "movies" WHERE (rating = @ratings)[0m
  Rendered movies/index.html.haml within layouts/application (2.5ms)
Completed 200 OK in 12.4ms (Views: 12.0ms | ActiveRecord: 0.1ms)


Started GET "/assets/application.css?body=1" for 127.0.0.1 at 2015-09-16 10:38:20 -0300
Served asset /application.css - 304 Not Modified (0ms)


Started GET "/assets/jquery.js?body=1" for 127.0.0.1 at 2015-09-16 10:38:20 -0300
Served asset /jquery.js - 304 Not Modified (0ms)


Started GET "/assets/jquery_ujs.js?body=1" for 127.0.0.1 at 2015-09-16 10:38:20 -0300
Served asset /jquery_ujs.js - 304 Not Modified (0ms)


Started GET "/assets/application.js?body=1" for 127.0.0.1 at 2015-09-16 10:38:20 -0300
Served asset /application.js - 304 Not Modified (0ms)


Started GET "/movies?utf8=%E2%9C%93&ratings%5BG%5D=1&commit=Refresh" for 127.0.0.1 at 2015-09-16 10:38:22 -0300
Processing by MoviesController#index as HTML
  Parameters: {"utf8"=>"✓", "ratings"=>{"G"=>"1"}, "commit"=>"Refresh"}
  [1m[35mMovie Load (0.2ms)[0m  SELECT "movies".* FROM "movies" WHERE (rating = @ratings)
  Rendered movies/index.html.haml within layouts/application (9.8ms)
Completed 200 OK in 13.8ms (Views: 13.3ms | ActiveRecord: 0.2ms)


Started GET "/assets/application.css?body=1" for 127.0.0.1 at 2015-09-16 10:38:22 -0300
Served asset /application.css - 304 Not Modified (0ms)


Started GET "/assets/jquery.js?body=1" for 127.0.0.1 at 2015-09-16 10:38:22 -0300
Served asset /jquery.js - 304 Not Modified (0ms)


Started GET "/assets/jquery_ujs.js?body=1" for 127.0.0.1 at 2015-09-16 10:38:22 -0300
Served asset /jquery_ujs.js - 304 Not Modified (0ms)


Started GET "/assets/application.js?body=1" for 127.0.0.1 at 2015-09-16 10:38:22 -0300
Served asset /application.js - 304 Not Modified (0ms)


Started GET "/movies?utf8=%E2%9C%93&ratings%5BG%5D=1&commit=Refresh" for 127.0.0.1 at 2015-09-16 10:38:40 -0300

SyntaxError (/home/saasbook/Documents/rails-intro/app/controllers/movies_controller.rb:16: syntax error, unexpected tIVAR, expecting ')'
    @movies = Movie.order("#{sort}").where('rating ==' @ratings)
                                                               ^
/home/saasbook/Documents/rails-intro/app/controllers/movies_controller.rb:47: syntax error, unexpected $end, expecting keyword_end):
  activesupport (3.2.18) lib/active_support/dependencies.rb:469:in `load'
  activesupport (3.2.18) lib/active_support/dependencies.rb:469:in `block in load_file'
  activesupport (3.2.18) lib/active_support/dependencies.rb:639:in `new_constants_in'
  activesupport (3.2.18) lib/active_support/dependencies.rb:468:in `load_file'
  activesupport (3.2.18) lib/active_support/dependencies.rb:353:in `require_or_load'
  activesupport (3.2.18) lib/active_support/dependencies.rb:502:in `load_missing_constant'
  activesupport (3.2.18) lib/active_support/dependencies.rb:192:in `block in const_missing'
  activesupport (3.2.18) lib/active_support/dependencies.rb:190:in `each'
  activesupport (3.2.18) lib/active_support/dependencies.rb:190:in `const_missing'
  activesupport (3.2.18) lib/active_support/inflector/methods.rb:230:in `block in constantize'
  activesupport (3.2.18) lib/active_support/inflector/methods.rb:229:in `each'
  activesupport (3.2.18) lib/active_support/inflector/methods.rb:229:in `constantize'
  activesupport (3.2.18) lib/active_support/dependencies.rb:554:in `get'
  actionpack (3.2.18) lib/action_dispatch/routing/route_set.rb:69:in `controller_reference'
  actionpack (3.2.18) lib/action_dispatch/routing/route_set.rb:54:in `controller'
  actionpack (3.2.18) lib/action_dispatch/routing/route_set.rb:32:in `call'
  journey (1.0.4) lib/journey/router.rb:68:in `block in call'
  journey (1.0.4) lib/journey/router.rb:56:in `each'
  journey (1.0.4) lib/journey/router.rb:56:in `call'
  actionpack (3.2.18) lib/action_dispatch/routing/route_set.rb:608:in `call'
  actionpack (3.2.18) lib/action_dispatch/middleware/best_standards_support.rb:17:in `call'
  rack (1.4.5) lib/rack/etag.rb:23:in `call'
  rack (1.4.5) lib/rack/conditionalget.rb:25:in `call'
  actionpack (3.2.18) lib/action_dispatch/middleware/head.rb:14:in `call'
  actionpack (3.2.18) lib/action_dispatch/middleware/params_parser.rb:21:in `call'
  actionpack (3.2.18) lib/action_dispatch/middleware/flash.rb:242:in `call'
  rack (1.4.5) lib/rack/session/abstract/id.rb:210:in `context'
  rack (1.4.5) lib/rack/session/abstract/id.rb:205:in `call'
  actionpack (3.2.18) lib/action_dispatch/middleware/cookies.rb:341:in `call'
  activerecord (3.2.18) lib/active_record/query_cache.rb:64:in `call'
  activerecord (3.2.18) lib/active_record/connection_adapters/abstract/connection_pool.rb:479:in `call'
  actionpack (3.2.18) lib/action_dispatch/middleware/callbacks.rb:28:in `block in call'
  activesupport (3.2.18) lib/active_support/callbacks.rb:405:in `_run__839501517__call__741256311__callbacks'
  activesupport (3.2.18) lib/active_support/callbacks.rb:405:in `__run_callback'
  activesupport (3.2.18) lib/active_support/callbacks.rb:385:in `_run_call_callbacks'
  activesupport (3.2.18) lib/active_support/callbacks.rb:81:in `run_callbacks'
  actionpack (3.2.18) lib/action_dispatch/middleware/callbacks.rb:27:in `call'
  actionpack (3.2.18) lib/action_dispatch/middleware/reloader.rb:65:in `call'
  actionpack (3.2.18) lib/action_dispatch/middleware/remote_ip.rb:31:in `call'
  actionpack (3.2.18) lib/action_dispatch/middleware/debug_exceptions.rb:16:in `call'
  actionpack (3.2.18) lib/action_dispatch/middleware/show_exceptions.rb:56:in `call'
  railties (3.2.18) lib/rails/rack/logger.rb:32:in `call_app'
  railties (3.2.18) lib/rails/rack/logger.rb:16:in `block in call'
  activesupport (3.2.18) lib/active_support/tagged_logging.rb:22:in `tagged'
  railties (3.2.18) lib/rails/rack/logger.rb:16:in `call'
  actionpack (3.2.18) lib/action_dispatch/middleware/request_id.rb:22:in `call'
  rack (1.4.5) lib/rack/methodoverride.rb:21:in `call'
  rack (1.4.5) lib/rack/runtime.rb:17:in `call'
  activesupport (3.2.18) lib/active_support/cache/strategy/local_cache.rb:72:in `call'
  rack (1.4.5) lib/rack/lock.rb:15:in `call'
  actionpack (3.2.18) lib/action_dispatch/middleware/static.rb:63:in `call'
  railties (3.2.18) lib/rails/engine.rb:484:in `call'
  railties (3.2.18) lib/rails/application.rb:231:in `call'
  rack (1.4.5) lib/rack/content_length.rb:14:in `call'
  railties (3.2.18) lib/rails/rack/log_tailer.rb:17:in `call'
  rack (1.4.5) lib/rack/handler/webrick.rb:59:in `service'
  /home/saasbook/.rvm/rubies/ruby-1.9.3-p448/lib/ruby/1.9.1/webrick/httpserver.rb:138:in `service'
  /home/saasbook/.rvm/rubies/ruby-1.9.3-p448/lib/ruby/1.9.1/webrick/httpserver.rb:94:in `run'
  /home/saasbook/.rvm/rubies/ruby-1.9.3-p448/lib/ruby/1.9.1/webrick/server.rb:191:in `block in start_thread'


  Rendered /home/saasbook/.rvm/gems/ruby-1.9.3-p448/gems/actionpack-3.2.18/lib/action_dispatch/middleware/templates/rescues/_trace.erb (2.1ms)
  Rendered /home/saasbook/.rvm/gems/ruby-1.9.3-p448/gems/actionpack-3.2.18/lib/action_dispatch/middleware/templates/rescues/_request_and_response.erb (1.3ms)
  Rendered /home/saasbook/.rvm/gems/ruby-1.9.3-p448/gems/actionpack-3.2.18/lib/action_dispatch/middleware/templates/rescues/diagnostics.erb within rescues/layout (10.5ms)


Started GET "/movies?utf8=%E2%9C%93&ratings%5BG%5D=1&commit=Refresh" for 127.0.0.1 at 2015-09-16 10:40:33 -0300

SyntaxError (/home/saasbook/Documents/rails-intro/app/controllers/movies_controller.rb:16: syntax error, unexpected tIVAR, expecting ')'
    @movies = Movie.order("#{sort}").where('rating = ?' @ratings)
                                                                ^
/home/saasbook/Documents/rails-intro/app/controllers/movies_controller.rb:47: syntax error, unexpected $end, expecting keyword_end):
  activesupport (3.2.18) lib/active_support/dependencies.rb:469:in `load'
  activesupport (3.2.18) lib/active_support/dependencies.rb:469:in `block in load_file'
  activesupport (3.2.18) lib/active_support/dependencies.rb:639:in `new_constants_in'
  activesupport (3.2.18) lib/active_support/dependencies.rb:468:in `load_file'
  activesupport (3.2.18) lib/active_support/dependencies.rb:353:in `require_or_load'
  activesupport (3.2.18) lib/active_support/dependencies.rb:502:in `load_missing_constant'
  activesupport (3.2.18) lib/active_support/dependencies.rb:192:in `block in const_missing'
  activesupport (3.2.18) lib/active_support/dependencies.rb:190:in `each'
  activesupport (3.2.18) lib/active_support/dependencies.rb:190:in `const_missing'
  activesupport (3.2.18) lib/active_support/inflector/methods.rb:230:in `block in constantize'
  activesupport (3.2.18) lib/active_support/inflector/methods.rb:229:in `each'
  activesupport (3.2.18) lib/active_support/inflector/methods.rb:229:in `constantize'
  activesupport (3.2.18) lib/active_support/dependencies.rb:554:in `get'
  actionpack (3.2.18) lib/action_dispatch/routing/route_set.rb:69:in `controller_reference'
  actionpack (3.2.18) lib/action_dispatch/routing/route_set.rb:54:in `controller'
  actionpack (3.2.18) lib/action_dispatch/routing/route_set.rb:32:in `call'
  journey (1.0.4) lib/journey/router.rb:68:in `block in call'
  journey (1.0.4) lib/journey/router.rb:56:in `each'
  journey (1.0.4) lib/journey/router.rb:56:in `call'
  actionpack (3.2.18) lib/action_dispatch/routing/route_set.rb:608:in `call'
  actionpack (3.2.18) lib/action_dispatch/middleware/best_standards_support.rb:17:in `call'
  rack (1.4.5) lib/rack/etag.rb:23:in `call'
  rack (1.4.5) lib/rack/conditionalget.rb:25:in `call'
  actionpack (3.2.18) lib/action_dispatch/middleware/head.rb:14:in `call'
  actionpack (3.2.18) lib/action_dispatch/middleware/params_parser.rb:21:in `call'
  actionpack (3.2.18) lib/action_dispatch/middleware/flash.rb:242:in `call'
  rack (1.4.5) lib/rack/session/abstract/id.rb:210:in `context'
  rack (1.4.5) lib/rack/session/abstract/id.rb:205:in `call'
  actionpack (3.2.18) lib/action_dispatch/middleware/cookies.rb:341:in `call'
  activerecord (3.2.18) lib/active_record/query_cache.rb:64:in `call'
  activerecord (3.2.18) lib/active_record/connection_adapters/abstract/connection_pool.rb:479:in `call'
  actionpack (3.2.18) lib/action_dispatch/middleware/callbacks.rb:28:in `block in call'
  activesupport (3.2.18) lib/active_support/callbacks.rb:405:in `_run__839501517__call__741256311__callbacks'
  activesupport (3.2.18) lib/active_support/callbacks.rb:405:in `__run_callback'
  activesupport (3.2.18) lib/active_support/callbacks.rb:385:in `_run_call_callbacks'
  activesupport (3.2.18) lib/active_support/callbacks.rb:81:in `run_callbacks'
  actionpack (3.2.18) lib/action_dispatch/middleware/callbacks.rb:27:in `call'
  actionpack (3.2.18) lib/action_dispatch/middleware/reloader.rb:65:in `call'
  actionpack (3.2.18) lib/action_dispatch/middleware/remote_ip.rb:31:in `call'
  actionpack (3.2.18) lib/action_dispatch/middleware/debug_exceptions.rb:16:in `call'
  actionpack (3.2.18) lib/action_dispatch/middleware/show_exceptions.rb:56:in `call'
  railties (3.2.18) lib/rails/rack/logger.rb:32:in `call_app'
  railties (3.2.18) lib/rails/rack/logger.rb:16:in `block in call'
  activesupport (3.2.18) lib/active_support/tagged_logging.rb:22:in `tagged'
  railties (3.2.18) lib/rails/rack/logger.rb:16:in `call'
  actionpack (3.2.18) lib/action_dispatch/middleware/request_id.rb:22:in `call'
  rack (1.4.5) lib/rack/methodoverride.rb:21:in `call'
  rack (1.4.5) lib/rack/runtime.rb:17:in `call'
  activesupport (3.2.18) lib/active_support/cache/strategy/local_cache.rb:72:in `call'
  rack (1.4.5) lib/rack/lock.rb:15:in `call'
  actionpack (3.2.18) lib/action_dispatch/middleware/static.rb:63:in `call'
  railties (3.2.18) lib/rails/engine.rb:484:in `call'
  railties (3.2.18) lib/rails/application.rb:231:in `call'
  rack (1.4.5) lib/rack/content_length.rb:14:in `call'
  railties (3.2.18) lib/rails/rack/log_tailer.rb:17:in `call'
  rack (1.4.5) lib/rack/handler/webrick.rb:59:in `service'
  /home/saasbook/.rvm/rubies/ruby-1.9.3-p448/lib/ruby/1.9.1/webrick/httpserver.rb:138:in `service'
  /home/saasbook/.rvm/rubies/ruby-1.9.3-p448/lib/ruby/1.9.1/webrick/httpserver.rb:94:in `run'
  /home/saasbook/.rvm/rubies/ruby-1.9.3-p448/lib/ruby/1.9.1/webrick/server.rb:191:in `block in start_thread'


  Rendered /home/saasbook/.rvm/gems/ruby-1.9.3-p448/gems/actionpack-3.2.18/lib/action_dispatch/middleware/templates/rescues/_trace.erb (1.2ms)
  Rendered /home/saasbook/.rvm/gems/ruby-1.9.3-p448/gems/actionpack-3.2.18/lib/action_dispatch/middleware/templates/rescues/_request_and_response.erb (1.5ms)
  Rendered /home/saasbook/.rvm/gems/ruby-1.9.3-p448/gems/actionpack-3.2.18/lib/action_dispatch/middleware/templates/rescues/diagnostics.erb within rescues/layout (10.6ms)


Started GET "/movies?utf8=%E2%9C%93&ratings%5BG%5D=1&commit=Refresh" for 127.0.0.1 at 2015-09-16 10:41:02 -0300

SyntaxError (/home/saasbook/Documents/rails-intro/app/controllers/movies_controller.rb:16: syntax error, unexpected tIVAR, expecting ')'
    @movies = Movie.order("#{sort}").where('rating IN ?' @ratings)
                                                                 ^
/home/saasbook/Documents/rails-intro/app/controllers/movies_controller.rb:47: syntax error, unexpected $end, expecting keyword_end):
  activesupport (3.2.18) lib/active_support/dependencies.rb:469:in `load'
  activesupport (3.2.18) lib/active_support/dependencies.rb:469:in `block in load_file'
  activesupport (3.2.18) lib/active_support/dependencies.rb:639:in `new_constants_in'
  activesupport (3.2.18) lib/active_support/dependencies.rb:468:in `load_file'
  activesupport (3.2.18) lib/active_support/dependencies.rb:353:in `require_or_load'
  activesupport (3.2.18) lib/active_support/dependencies.rb:502:in `load_missing_constant'
  activesupport (3.2.18) lib/active_support/dependencies.rb:192:in `block in const_missing'
  activesupport (3.2.18) lib/active_support/dependencies.rb:190:in `each'
  activesupport (3.2.18) lib/active_support/dependencies.rb:190:in `const_missing'
  activesupport (3.2.18) lib/active_support/inflector/methods.rb:230:in `block in constantize'
  activesupport (3.2.18) lib/active_support/inflector/methods.rb:229:in `each'
  activesupport (3.2.18) lib/active_support/inflector/methods.rb:229:in `constantize'
  activesupport (3.2.18) lib/active_support/dependencies.rb:554:in `get'
  actionpack (3.2.18) lib/action_dispatch/routing/route_set.rb:69:in `controller_reference'
  actionpack (3.2.18) lib/action_dispatch/routing/route_set.rb:54:in `controller'
  actionpack (3.2.18) lib/action_dispatch/routing/route_set.rb:32:in `call'
  journey (1.0.4) lib/journey/router.rb:68:in `block in call'
  journey (1.0.4) lib/journey/router.rb:56:in `each'
  journey (1.0.4) lib/journey/router.rb:56:in `call'
  actionpack (3.2.18) lib/action_dispatch/routing/route_set.rb:608:in `call'
  actionpack (3.2.18) lib/action_dispatch/middleware/best_standards_support.rb:17:in `call'
  rack (1.4.5) lib/rack/etag.rb:23:in `call'
  rack (1.4.5) lib/rack/conditionalget.rb:25:in `call'
  actionpack (3.2.18) lib/action_dispatch/middleware/head.rb:14:in `call'
  actionpack (3.2.18) lib/action_dispatch/middleware/params_parser.rb:21:in `call'
  actionpack (3.2.18) lib/action_dispatch/middleware/flash.rb:242:in `call'
  rack (1.4.5) lib/rack/session/abstract/id.rb:210:in `context'
  rack (1.4.5) lib/rack/session/abstract/id.rb:205:in `call'
  actionpack (3.2.18) lib/action_dispatch/middleware/cookies.rb:341:in `call'
  activerecord (3.2.18) lib/active_record/query_cache.rb:64:in `call'
  activerecord (3.2.18) lib/active_record/connection_adapters/abstract/connection_pool.rb:479:in `call'
  actionpack (3.2.18) lib/action_dispatch/middleware/callbacks.rb:28:in `block in call'
  activesupport (3.2.18) lib/active_support/callbacks.rb:405:in `_run__839501517__call__741256311__callbacks'
  activesupport (3.2.18) lib/active_support/callbacks.rb:405:in `__run_callback'
  activesupport (3.2.18) lib/active_support/callbacks.rb:385:in `_run_call_callbacks'
  activesupport (3.2.18) lib/active_support/callbacks.rb:81:in `run_callbacks'
  actionpack (3.2.18) lib/action_dispatch/middleware/callbacks.rb:27:in `call'
  actionpack (3.2.18) lib/action_dispatch/middleware/reloader.rb:65:in `call'
  actionpack (3.2.18) lib/action_dispatch/middleware/remote_ip.rb:31:in `call'
  actionpack (3.2.18) lib/action_dispatch/middleware/debug_exceptions.rb:16:in `call'
  actionpack (3.2.18) lib/action_dispatch/middleware/show_exceptions.rb:56:in `call'
  railties (3.2.18) lib/rails/rack/logger.rb:32:in `call_app'
  railties (3.2.18) lib/rails/rack/logger.rb:16:in `block in call'
  activesupport (3.2.18) lib/active_support/tagged_logging.rb:22:in `tagged'
  railties (3.2.18) lib/rails/rack/logger.rb:16:in `call'
  actionpack (3.2.18) lib/action_dispatch/middleware/request_id.rb:22:in `call'
  rack (1.4.5) lib/rack/methodoverride.rb:21:in `call'
  rack (1.4.5) lib/rack/runtime.rb:17:in `call'
  activesupport (3.2.18) lib/active_support/cache/strategy/local_cache.rb:72:in `call'
  rack (1.4.5) lib/rack/lock.rb:15:in `call'
  actionpack (3.2.18) lib/action_dispatch/middleware/static.rb:63:in `call'
  railties (3.2.18) lib/rails/engine.rb:484:in `call'
  railties (3.2.18) lib/rails/application.rb:231:in `call'
  rack (1.4.5) lib/rack/content_length.rb:14:in `call'
  railties (3.2.18) lib/rails/rack/log_tailer.rb:17:in `call'
  rack (1.4.5) lib/rack/handler/webrick.rb:59:in `service'
  /home/saasbook/.rvm/rubies/ruby-1.9.3-p448/lib/ruby/1.9.1/webrick/httpserver.rb:138:in `service'
  /home/saasbook/.rvm/rubies/ruby-1.9.3-p448/lib/ruby/1.9.1/webrick/httpserver.rb:94:in `run'
  /home/saasbook/.rvm/rubies/ruby-1.9.3-p448/lib/ruby/1.9.1/webrick/server.rb:191:in `block in start_thread'


  Rendered /home/saasbook/.rvm/gems/ruby-1.9.3-p448/gems/actionpack-3.2.18/lib/action_dispatch/middleware/templates/rescues/_trace.erb (1.3ms)
  Rendered /home/saasbook/.rvm/gems/ruby-1.9.3-p448/gems/actionpack-3.2.18/lib/action_dispatch/middleware/templates/rescues/_request_and_response.erb (1.0ms)
  Rendered /home/saasbook/.rvm/gems/ruby-1.9.3-p448/gems/actionpack-3.2.18/lib/action_dispatch/middleware/templates/rescues/diagnostics.erb within rescues/layout (12.1ms)


Started GET "/movies?utf8=%E2%9C%93&ratings%5BG%5D=1&commit=Refresh" for 127.0.0.1 at 2015-09-16 10:41:28 -0300
Processing by MoviesController#index as HTML
  Parameters: {"utf8"=>"✓", "ratings"=>{"G"=>"1"}, "commit"=>"Refresh"}
  [1m[36mMovie Load (0.1ms)[0m  [1mSELECT "movies".* FROM "movies" WHERE (rating = 'G')[0m
  Rendered movies/index.html.haml within layouts/application (11.8ms)
Completed 200 OK in 17.3ms (Views: 16.1ms | ActiveRecord: 0.7ms)


Started GET "/assets/application.css?body=1" for 127.0.0.1 at 2015-09-16 10:41:28 -0300
Served asset /application.css - 304 Not Modified (0ms)


Started GET "/assets/jquery.js?body=1" for 127.0.0.1 at 2015-09-16 10:41:28 -0300
Served asset /jquery.js - 304 Not Modified (4ms)


Started GET "/assets/jquery_ujs.js?body=1" for 127.0.0.1 at 2015-09-16 10:41:28 -0300
Served asset /jquery_ujs.js - 304 Not Modified (0ms)


Started GET "/assets/application.js?body=1" for 127.0.0.1 at 2015-09-16 10:41:28 -0300
Served asset /application.js - 304 Not Modified (1ms)


Started GET "/movies?utf8=%E2%9C%93&ratings%5BPG%5D=1&commit=Refresh" for 127.0.0.1 at 2015-09-16 10:41:33 -0300
Processing by MoviesController#index as HTML
  Parameters: {"utf8"=>"✓", "ratings"=>{"PG"=>"1"}, "commit"=>"Refresh"}
  [1m[35mMovie Load (0.2ms)[0m  SELECT "movies".* FROM "movies" WHERE (rating = 'PG')
  Rendered movies/index.html.haml within layouts/application (3.6ms)
Completed 200 OK in 10.8ms (Views: 10.1ms | ActiveRecord: 0.2ms)


Started GET "/assets/application.css?body=1" for 127.0.0.1 at 2015-09-16 10:41:33 -0300
Served asset /application.css - 304 Not Modified (0ms)


Started GET "/assets/jquery.js?body=1" for 127.0.0.1 at 2015-09-16 10:41:33 -0300
Served asset /jquery.js - 304 Not Modified (6ms)


Started GET "/assets/jquery_ujs.js?body=1" for 127.0.0.1 at 2015-09-16 10:41:33 -0300
Served asset /jquery_ujs.js - 304 Not Modified (0ms)


Started GET "/assets/application.js?body=1" for 127.0.0.1 at 2015-09-16 10:41:33 -0300
Served asset /application.js - 304 Not Modified (1ms)


Started GET "/movies?utf8=%E2%9C%93&ratings%5BG%5D=1&commit=Refresh" for 127.0.0.1 at 2015-09-16 10:41:37 -0300
Processing by MoviesController#index as HTML
  Parameters: {"utf8"=>"✓", "ratings"=>{"G"=>"1"}, "commit"=>"Refresh"}
  [1m[36mMovie Load (0.2ms)[0m  [1mSELECT "movies".* FROM "movies" WHERE (rating = 'G')[0m
  Rendered movies/index.html.haml within layouts/application (3.4ms)
Completed 200 OK in 11.7ms (Views: 11.1ms | ActiveRecord: 0.2ms)


Started GET "/assets/application.css?body=1" for 127.0.0.1 at 2015-09-16 10:41:37 -0300
Served asset /application.css - 304 Not Modified (0ms)


Started GET "/assets/jquery.js?body=1" for 127.0.0.1 at 2015-09-16 10:41:37 -0300
Served asset /jquery.js - 304 Not Modified (21ms)


Started GET "/assets/jquery_ujs.js?body=1" for 127.0.0.1 at 2015-09-16 10:41:38 -0300
Served asset /jquery_ujs.js - 304 Not Modified (0ms)


Started GET "/assets/application.js?body=1" for 127.0.0.1 at 2015-09-16 10:41:38 -0300
Served asset /application.js - 304 Not Modified (0ms)


Started GET "/movies?utf8=%E2%9C%93&ratings%5BG%5D=1&ratings%5BPG%5D=1&commit=Refresh" for 127.0.0.1 at 2015-09-16 10:41:44 -0300
Processing by MoviesController#index as HTML
  Parameters: {"utf8"=>"✓", "ratings"=>{"G"=>"1", "PG"=>"1"}, "commit"=>"Refresh"}
  [1m[35mMovie Load (0.3ms)[0m  SELECT "movies".* FROM "movies" WHERE (rating = 'G','PG')
SQLite3::SQLException: near ",": syntax error: SELECT "movies".* FROM "movies"  WHERE (rating = 'G','PG')
  Rendered movies/index.html.haml within layouts/application (61.7ms)
Completed 500 Internal Server Error in 67.5ms

ActionView::Template::Error (SQLite3::SQLException: near ",": syntax error: SELECT "movies".* FROM "movies"  WHERE (rating = 'G','PG')):
    18:         = link_to "Release Date", movies_path(sort: 'release_date', order: @order, ratings: params[:ratings]), {id: 'release_date_header'}
    19:       %th More Info
    20:   %tbody
    21:     - @movies.each do |movie|
    22:       %tr
    23:         %td= movie.title
    24:         %td= movie.rating
  app/views/movies/index.html.haml:21:in `_app_views_movies_index_html_haml___508197116__624694338'


  Rendered /home/saasbook/.rvm/gems/ruby-1.9.3-p448/gems/actionpack-3.2.18/lib/action_dispatch/middleware/templates/rescues/_trace.erb (13.0ms)
  Rendered /home/saasbook/.rvm/gems/ruby-1.9.3-p448/gems/actionpack-3.2.18/lib/action_dispatch/middleware/templates/rescues/_request_and_response.erb (1.2ms)
  Rendered /home/saasbook/.rvm/gems/ruby-1.9.3-p448/gems/actionpack-3.2.18/lib/action_dispatch/middleware/templates/rescues/template_error.erb within rescues/layout (22.2ms)


Started GET "/movies?utf8=%E2%9C%93&ratings%5BG%5D=1&ratings%5BPG%5D=1&commit=Refresh" for 127.0.0.1 at 2015-09-16 10:42:07 -0300
Processing by MoviesController#index as HTML
  Parameters: {"utf8"=>"✓", "ratings"=>{"G"=>"1", "PG"=>"1"}, "commit"=>"Refresh"}
  [1m[36mMovie Load (1.0ms)[0m  [1mSELECT "movies".* FROM "movies" WHERE (rating = 'G','PG')[0m
SQLite3::SQLException: near ",": syntax error: SELECT "movies".* FROM "movies"  WHERE (rating = 'G','PG')
Completed 500 Internal Server Error in 3.8ms

ActiveRecord::StatementInvalid (SQLite3::SQLException: near ",": syntax error: SELECT "movies".* FROM "movies"  WHERE (rating = 'G','PG')):
  app/controllers/movies_controller.rb:16:in `index'


  Rendered /home/saasbook/.rvm/gems/ruby-1.9.3-p448/gems/actionpack-3.2.18/lib/action_dispatch/middleware/templates/rescues/_trace.erb (1.4ms)
  Rendered /home/saasbook/.rvm/gems/ruby-1.9.3-p448/gems/actionpack-3.2.18/lib/action_dispatch/middleware/templates/rescues/_request_and_response.erb (1.0ms)
  Rendered /home/saasbook/.rvm/gems/ruby-1.9.3-p448/gems/actionpack-3.2.18/lib/action_dispatch/middleware/templates/rescues/diagnostics.erb within rescues/layout (11.0ms)


Started GET "/movies?utf8=%E2%9C%93&ratings%5BG%5D=1&ratings%5BPG%5D=1&commit=Refresh" for 127.0.0.1 at 2015-09-16 10:42:38 -0300
Processing by MoviesController#index as HTML
  Parameters: {"utf8"=>"✓", "ratings"=>{"G"=>"1", "PG"=>"1"}, "commit"=>"Refresh"}
  [1m[35mMovie Load (0.1ms)[0m  SELECT "movies".* FROM "movies" WHERE (rating IN 'G','PG')
SQLite3::SQLException: near ",": syntax error: SELECT "movies".* FROM "movies"  WHERE (rating IN 'G','PG')
Completed 500 Internal Server Error in 2.1ms

ActiveRecord::StatementInvalid (SQLite3::SQLException: near ",": syntax error: SELECT "movies".* FROM "movies"  WHERE (rating IN 'G','PG')):
  app/controllers/movies_controller.rb:16:in `index'


  Rendered /home/saasbook/.rvm/gems/ruby-1.9.3-p448/gems/actionpack-3.2.18/lib/action_dispatch/middleware/templates/rescues/_trace.erb (1.4ms)
  Rendered /home/saasbook/.rvm/gems/ruby-1.9.3-p448/gems/actionpack-3.2.18/lib/action_dispatch/middleware/templates/rescues/_request_and_response.erb (1.0ms)
  Rendered /home/saasbook/.rvm/gems/ruby-1.9.3-p448/gems/actionpack-3.2.18/lib/action_dispatch/middleware/templates/rescues/diagnostics.erb within rescues/layout (10.0ms)


Started GET "/movies?utf8=%E2%9C%93&ratings%5BG%5D=1&ratings%5BPG%5D=1&commit=Refresh" for 127.0.0.1 at 2015-09-16 10:42:57 -0300
Processing by MoviesController#index as HTML
  Parameters: {"utf8"=>"✓", "ratings"=>{"G"=>"1", "PG"=>"1"}, "commit"=>"Refresh"}
  [1m[36mMovie Load (0.2ms)[0m  [1mSELECT "movies".* FROM "movies" WHERE (rating LIKE 'G','PG')[0m
SQLite3::SQLException: near ",": syntax error: SELECT "movies".* FROM "movies"  WHERE (rating LIKE 'G','PG')
Completed 500 Internal Server Error in 3.8ms

ActiveRecord::StatementInvalid (SQLite3::SQLException: near ",": syntax error: SELECT "movies".* FROM "movies"  WHERE (rating LIKE 'G','PG')):
  app/controllers/movies_controller.rb:16:in `index'


  Rendered /home/saasbook/.rvm/gems/ruby-1.9.3-p448/gems/actionpack-3.2.18/lib/action_dispatch/middleware/templates/rescues/_trace.erb (1.2ms)
  Rendered /home/saasbook/.rvm/gems/ruby-1.9.3-p448/gems/actionpack-3.2.18/lib/action_dispatch/middleware/templates/rescues/_request_and_response.erb (1.7ms)
  Rendered /home/saasbook/.rvm/gems/ruby-1.9.3-p448/gems/actionpack-3.2.18/lib/action_dispatch/middleware/templates/rescues/diagnostics.erb within rescues/layout (9.2ms)


Started GET "/movies?utf8=%E2%9C%93&ratings%5BG%5D=1&commit=Refresh" for 127.0.0.1 at 2015-09-16 10:44:31 -0300
Processing by MoviesController#index as HTML
  Parameters: {"utf8"=>"✓", "ratings"=>{"G"=>"1"}, "commit"=>"Refresh"}
  [1m[35mMovie Load (0.2ms)[0m  SELECT "movies".* FROM "movies" WHERE (rating IN 'G')
SQLite3::SQLException: no such table: G: SELECT "movies".* FROM "movies"  WHERE (rating IN 'G')
Completed 500 Internal Server Error in 3.1ms

ActiveRecord::StatementInvalid (SQLite3::SQLException: no such table: G: SELECT "movies".* FROM "movies"  WHERE (rating IN 'G')):
  app/controllers/movies_controller.rb:16:in `index'


  Rendered /home/saasbook/.rvm/gems/ruby-1.9.3-p448/gems/actionpack-3.2.18/lib/action_dispatch/middleware/templates/rescues/_trace.erb (1.3ms)
  Rendered /home/saasbook/.rvm/gems/ruby-1.9.3-p448/gems/actionpack-3.2.18/lib/action_dispatch/middleware/templates/rescues/_request_and_response.erb (1.2ms)
  Rendered /home/saasbook/.rvm/gems/ruby-1.9.3-p448/gems/actionpack-3.2.18/lib/action_dispatch/middleware/templates/rescues/diagnostics.erb within rescues/layout (10.5ms)


Started GET "/movies?utf8=%E2%9C%93&ratings%5BG%5D=1&commit=Refresh" for 127.0.0.1 at 2015-09-16 10:45:11 -0300
Processing by MoviesController#index as HTML
  Parameters: {"utf8"=>"✓", "ratings"=>{"G"=>"1"}, "commit"=>"Refresh"}
  [1m[36mMovie Load (0.1ms)[0m  [1mSELECT "movies".* FROM "movies" WHERE (rating = 'G')[0m
  Rendered movies/index.html.haml within layouts/application (2.9ms)
Completed 200 OK in 19.7ms (Views: 7.7ms | ActiveRecord: 0.6ms)


Started GET "/assets/application.css?body=1" for 127.0.0.1 at 2015-09-16 10:45:11 -0300
Served asset /application.css - 304 Not Modified (0ms)


Started GET "/assets/jquery.js?body=1" for 127.0.0.1 at 2015-09-16 10:45:11 -0300
Served asset /jquery.js - 304 Not Modified (1ms)


Started GET "/assets/jquery_ujs.js?body=1" for 127.0.0.1 at 2015-09-16 10:45:11 -0300
Served asset /jquery_ujs.js - 304 Not Modified (0ms)


Started GET "/assets/application.js?body=1" for 127.0.0.1 at 2015-09-16 10:45:11 -0300
Served asset /application.js - 304 Not Modified (3ms)


Started GET "/movies?utf8=%E2%9C%93&ratings%5BPG%5D=1&commit=Refresh" for 127.0.0.1 at 2015-09-16 10:45:14 -0300
Processing by MoviesController#index as HTML
  Parameters: {"utf8"=>"✓", "ratings"=>{"PG"=>"1"}, "commit"=>"Refresh"}
  [1m[35mMovie Load (0.3ms)[0m  SELECT "movies".* FROM "movies" WHERE (rating = 'PG')
  Rendered movies/index.html.haml within layouts/application (2.5ms)
Completed 200 OK in 11.2ms (Views: 6.2ms | ActiveRecord: 0.3ms)


Started GET "/assets/application.css?body=1" for 127.0.0.1 at 2015-09-16 10:45:14 -0300
Served asset /application.css - 304 Not Modified (0ms)


Started GET "/assets/jquery.js?body=1" for 127.0.0.1 at 2015-09-16 10:45:14 -0300
Served asset /jquery.js - 304 Not Modified (13ms)


Started GET "/assets/jquery_ujs.js?body=1" for 127.0.0.1 at 2015-09-16 10:45:14 -0300
Served asset /jquery_ujs.js - 304 Not Modified (0ms)


Started GET "/assets/application.js?body=1" for 127.0.0.1 at 2015-09-16 10:45:14 -0300
Served asset /application.js - 304 Not Modified (1ms)


Started GET "/movies?utf8=%E2%9C%93&ratings%5BNC-17%5D=1&commit=Refresh" for 127.0.0.1 at 2015-09-16 10:45:16 -0300
Processing by MoviesController#index as HTML
  Parameters: {"utf8"=>"✓", "ratings"=>{"NC-17"=>"1"}, "commit"=>"Refresh"}
  [1m[36mMovie Load (0.2ms)[0m  [1mSELECT "movies".* FROM "movies" WHERE (rating = 'NC-17')[0m
  Rendered movies/index.html.haml within layouts/application (2.4ms)
Completed 200 OK in 13.7ms (Views: 12.6ms | ActiveRecord: 0.2ms)


Started GET "/assets/application.css?body=1" for 127.0.0.1 at 2015-09-16 10:45:16 -0300
Served asset /application.css - 304 Not Modified (0ms)


Started GET "/assets/jquery.js?body=1" for 127.0.0.1 at 2015-09-16 10:45:16 -0300
Served asset /jquery.js - 304 Not Modified (0ms)


Started GET "/assets/application.js?body=1" for 127.0.0.1 at 2015-09-16 10:45:16 -0300
Served asset /application.js - 304 Not Modified (7ms)


Started GET "/assets/jquery_ujs.js?body=1" for 127.0.0.1 at 2015-09-16 10:45:16 -0300
Served asset /jquery_ujs.js - 304 Not Modified (0ms)


Started GET "/movies?utf8=%E2%9C%93&ratings%5BR%5D=1&commit=Refresh" for 127.0.0.1 at 2015-09-16 10:45:19 -0300
Processing by MoviesController#index as HTML
  Parameters: {"utf8"=>"✓", "ratings"=>{"R"=>"1"}, "commit"=>"Refresh"}
  [1m[35mMovie Load (0.8ms)[0m  SELECT "movies".* FROM "movies" WHERE (rating = 'R')
  Rendered movies/index.html.haml within layouts/application (7.6ms)
Completed 200 OK in 14.0ms (Views: 11.9ms | ActiveRecord: 0.8ms)


Started GET "/assets/application.css?body=1" for 127.0.0.1 at 2015-09-16 10:45:19 -0300
Served asset /application.css - 304 Not Modified (0ms)


Started GET "/assets/jquery.js?body=1" for 127.0.0.1 at 2015-09-16 10:45:19 -0300
Served asset /jquery.js - 304 Not Modified (2ms)


Started GET "/assets/jquery_ujs.js?body=1" for 127.0.0.1 at 2015-09-16 10:45:19 -0300
Served asset /jquery_ujs.js - 304 Not Modified (0ms)


Started GET "/assets/application.js?body=1" for 127.0.0.1 at 2015-09-16 10:45:19 -0300
Served asset /application.js - 304 Not Modified (0ms)


Started GET "/movies?utf8=%E2%9C%93&ratings%5BG%5D=1&commit=Refresh" for 127.0.0.1 at 2015-09-16 10:45:32 -0300
Processing by MoviesController#index as HTML
  Parameters: {"utf8"=>"✓", "ratings"=>{"G"=>"1"}, "commit"=>"Refresh"}
  [1m[36mMovie Load (0.2ms)[0m  [1mSELECT "movies".* FROM "movies" WHERE (rating = 'G')[0m
  Rendered movies/index.html.haml within layouts/application (6.5ms)
Completed 200 OK in 16.2ms (Views: 14.9ms | ActiveRecord: 0.2ms)


Started GET "/assets/application.css?body=1" for 127.0.0.1 at 2015-09-16 10:45:32 -0300
Served asset /application.css - 304 Not Modified (8ms)


Started GET "/assets/application.js?body=1" for 127.0.0.1 at 2015-09-16 10:45:32 -0300
Served asset /application.js - 304 Not Modified (1ms)


Started GET "/assets/jquery_ujs.js?body=1" for 127.0.0.1 at 2015-09-16 10:45:32 -0300
Served asset /jquery_ujs.js - 304 Not Modified (0ms)


Started GET "/assets/jquery.js?body=1" for 127.0.0.1 at 2015-09-16 10:45:32 -0300
Served asset /jquery.js - 304 Not Modified (0ms)


Started GET "/movies?utf8=%E2%9C%93&ratings%5BG%5D=1&commit=Refresh" for 127.0.0.1 at 2015-09-16 10:45:55 -0300
Processing by MoviesController#index as HTML
  Parameters: {"utf8"=>"✓", "ratings"=>{"G"=>"1"}, "commit"=>"Refresh"}
  [1m[35mMovie Load (0.2ms)[0m  SELECT "movies".* FROM "movies" WHERE (rating = 'G')
  Rendered movies/index.html.haml within layouts/application (3.4ms)
Completed 200 OK in 11.4ms (Views: 10.2ms | ActiveRecord: 0.2ms)


Started GET "/assets/application.css?body=1" for 127.0.0.1 at 2015-09-16 10:45:55 -0300
Served asset /application.css - 304 Not Modified (0ms)


Started GET "/assets/jquery.js?body=1" for 127.0.0.1 at 2015-09-16 10:45:55 -0300
Served asset /jquery.js - 304 Not Modified (0ms)


Started GET "/assets/jquery_ujs.js?body=1" for 127.0.0.1 at 2015-09-16 10:45:55 -0300
Served asset /jquery_ujs.js - 304 Not Modified (0ms)


Started GET "/assets/application.js?body=1" for 127.0.0.1 at 2015-09-16 10:45:55 -0300
Served asset /application.js - 304 Not Modified (0ms)


Started GET "/movies?utf8=%E2%9C%93&ratings%5BG%5D=1&commit=Refresh" for 127.0.0.1 at 2015-09-16 10:46:24 -0300
Processing by MoviesController#index as HTML
  Parameters: {"utf8"=>"✓", "ratings"=>{"G"=>"1"}, "commit"=>"Refresh"}
  [1m[36mMovie Load (0.2ms)[0m  [1mSELECT "movies".* FROM "movies" WHERE (rating IN ('G'))[0m
  Rendered movies/index.html.haml within layouts/application (2.8ms)
Completed 200 OK in 18.4ms (Views: 7.2ms | ActiveRecord: 0.6ms)


Started GET "/assets/application.css?body=1" for 127.0.0.1 at 2015-09-16 10:46:24 -0300
Served asset /application.css - 304 Not Modified (0ms)


Started GET "/assets/jquery.js?body=1" for 127.0.0.1 at 2015-09-16 10:46:24 -0300
Served asset /jquery.js - 304 Not Modified (1ms)


Started GET "/assets/jquery_ujs.js?body=1" for 127.0.0.1 at 2015-09-16 10:46:24 -0300
Served asset /jquery_ujs.js - 304 Not Modified (0ms)


Started GET "/assets/application.js?body=1" for 127.0.0.1 at 2015-09-16 10:46:24 -0300
Served asset /application.js - 304 Not Modified (1ms)


Started GET "/movies?utf8=%E2%9C%93&ratings%5BPG-13%5D=1&commit=Refresh" for 127.0.0.1 at 2015-09-16 10:46:26 -0300
Processing by MoviesController#index as HTML
  Parameters: {"utf8"=>"✓", "ratings"=>{"PG-13"=>"1"}, "commit"=>"Refresh"}
  [1m[35mMovie Load (0.3ms)[0m  SELECT "movies".* FROM "movies" WHERE (rating IN ('PG-13'))
  Rendered movies/index.html.haml within layouts/application (3.6ms)
Completed 200 OK in 12.5ms (Views: 7.5ms | ActiveRecord: 0.3ms)


Started GET "/assets/application.css?body=1" for 127.0.0.1 at 2015-09-16 10:46:26 -0300
Served asset /application.css - 304 Not Modified (0ms)


Started GET "/assets/jquery_ujs.js?body=1" for 127.0.0.1 at 2015-09-16 10:46:26 -0300
Served asset /jquery_ujs.js - 304 Not Modified (0ms)


Started GET "/assets/application.js?body=1" for 127.0.0.1 at 2015-09-16 10:46:26 -0300
Served asset /application.js - 304 Not Modified (1ms)


Started GET "/assets/jquery.js?body=1" for 127.0.0.1 at 2015-09-16 10:46:26 -0300
Served asset /jquery.js - 304 Not Modified (0ms)


Started GET "/movies?utf8=%E2%9C%93&ratings%5BPG%5D=1&ratings%5BR%5D=1&commit=Refresh" for 127.0.0.1 at 2015-09-16 10:46:30 -0300
Processing by MoviesController#index as HTML
  Parameters: {"utf8"=>"✓", "ratings"=>{"PG"=>"1", "R"=>"1"}, "commit"=>"Refresh"}
  [1m[36mMovie Load (0.2ms)[0m  [1mSELECT "movies".* FROM "movies" WHERE (rating IN ('PG','R'))[0m
  Rendered movies/index.html.haml within layouts/application (3.5ms)
Completed 200 OK in 14.5ms (Views: 10.2ms | ActiveRecord: 0.2ms)


Started GET "/assets/application.css?body=1" for 127.0.0.1 at 2015-09-16 10:46:30 -0300
Served asset /application.css - 304 Not Modified (0ms)


Started GET "/assets/jquery.js?body=1" for 127.0.0.1 at 2015-09-16 10:46:30 -0300
Served asset /jquery.js - 304 Not Modified (4ms)


Started GET "/assets/jquery_ujs.js?body=1" for 127.0.0.1 at 2015-09-16 10:46:30 -0300
Served asset /jquery_ujs.js - 304 Not Modified (0ms)


Started GET "/assets/application.js?body=1" for 127.0.0.1 at 2015-09-16 10:46:30 -0300
Served asset /application.js - 304 Not Modified (0ms)
